This is pdfTeX, Version 3.14159265-2.6-1.40.16 (TeX Live 2015) (preloaded format=pdflatex 2016.2.7)  1 AUG 2017 09:05
entering extended mode
 restricted \write18 enabled.
 file:line:error style messages enabled.
 %&-line parsing enabled.
**Different_Every_Time.tex
(./Different_Every_Time.tex
LaTeX2e <2015/01/01>
Babel <3.9l> and hyphenation patterns for 79 languages loaded.
(./IEEEtran.cls
Document Class: IEEEtran 2012/11/21 V1.8c by Harald Hanche-Olsen and Anders Chr
istensen
-- Based on V1.7a by Michael Shell
-- See the "IEEEtran_HOWTO" manual for usage information.
-- http://www.michaelshell.org/tex/ieeetran/
\@IEEEtrantmpdimenA=\dimen102
\@IEEEtrantmpdimenB=\dimen103
\@IEEEtrantmpcountA=\count79
\@IEEEtrantmpcountB=\count80
\@IEEEtrantmptoksA=\toks14
LaTeX Font Info:    Try loading font information for OT1+ptm on input line 373.

(/usr/local/texlive/2015/texmf-dist/tex/latex/psnfss/ot1ptm.fd
File: ot1ptm.fd 2001/06/04 font definitions for OT1/ptm.
)
-- Using 8.5in x 11in (letter) paper.
-- Using PDF output.
\@IEEEnormalsizeunitybaselineskip=\dimen104
-- This is a 10 point document.
\CLASSINFOnormalsizebaselineskip=\dimen105
\CLASSINFOnormalsizeunitybaselineskip=\dimen106
\IEEEnormaljot=\dimen107
LaTeX Font Info:    Font shape `OT1/ptm/bx/n' in size <5> not available
(Font)              Font shape `OT1/ptm/b/n' tried instead on input line 731.
LaTeX Font Info:    Font shape `OT1/ptm/bx/it' in size <5> not available
(Font)              Font shape `OT1/ptm/b/it' tried instead on input line 731.
LaTeX Font Info:    Font shape `OT1/ptm/bx/n' in size <7> not available
(Font)              Font shape `OT1/ptm/b/n' tried instead on input line 731.
LaTeX Font Info:    Font shape `OT1/ptm/bx/it' in size <7> not available
(Font)              Font shape `OT1/ptm/b/it' tried instead on input line 731.
LaTeX Font Info:    Font shape `OT1/ptm/bx/n' in size <8> not available
(Font)              Font shape `OT1/ptm/b/n' tried instead on input line 731.
LaTeX Font Info:    Font shape `OT1/ptm/bx/it' in size <8> not available
(Font)              Font shape `OT1/ptm/b/it' tried instead on input line 731.
LaTeX Font Info:    Font shape `OT1/ptm/bx/n' in size <9> not available
(Font)              Font shape `OT1/ptm/b/n' tried instead on input line 731.
LaTeX Font Info:    Font shape `OT1/ptm/bx/it' in size <9> not available
(Font)              Font shape `OT1/ptm/b/it' tried instead on input line 731.
LaTeX Font Info:    Font shape `OT1/ptm/bx/n' in size <10> not available
(Font)              Font shape `OT1/ptm/b/n' tried instead on input line 731.
LaTeX Font Info:    Font shape `OT1/ptm/bx/it' in size <10> not available
(Font)              Font shape `OT1/ptm/b/it' tried instead on input line 731.
LaTeX Font Info:    Font shape `OT1/ptm/bx/n' in size <11> not available
(Font)              Font shape `OT1/ptm/b/n' tried instead on input line 731.
LaTeX Font Info:    Font shape `OT1/ptm/bx/it' in size <11> not available
(Font)              Font shape `OT1/ptm/b/it' tried instead on input line 731.
LaTeX Font Info:    Font shape `OT1/ptm/bx/n' in size <12> not available
(Font)              Font shape `OT1/ptm/b/n' tried instead on input line 731.
LaTeX Font Info:    Font shape `OT1/ptm/bx/it' in size <12> not available
(Font)              Font shape `OT1/ptm/b/it' tried instead on input line 731.
LaTeX Font Info:    Font shape `OT1/ptm/bx/n' in size <17> not available
(Font)              Font shape `OT1/ptm/b/n' tried instead on input line 731.
LaTeX Font Info:    Font shape `OT1/ptm/bx/it' in size <17> not available
(Font)              Font shape `OT1/ptm/b/it' tried instead on input line 731.
LaTeX Font Info:    Font shape `OT1/ptm/bx/n' in size <20> not available
(Font)              Font shape `OT1/ptm/b/n' tried instead on input line 731.
LaTeX Font Info:    Font shape `OT1/ptm/bx/it' in size <20> not available
(Font)              Font shape `OT1/ptm/b/it' tried instead on input line 731.
LaTeX Font Info:    Font shape `OT1/ptm/bx/n' in size <24> not available
(Font)              Font shape `OT1/ptm/b/n' tried instead on input line 731.
LaTeX Font Info:    Font shape `OT1/ptm/bx/it' in size <24> not available
(Font)              Font shape `OT1/ptm/b/it' tried instead on input line 731.
\IEEEilabelindentA=\dimen108
\IEEEilabelindentB=\dimen109
\IEEEilabelindent=\dimen110
\IEEEelabelindent=\dimen111
\IEEEdlabelindent=\dimen112
\IEEElabelindent=\dimen113
\IEEEiednormlabelsep=\dimen114
\IEEEiedmathlabelsep=\dimen115
\IEEEiedtopsep=\skip41
\c@section=\count81
\c@subsection=\count82
\c@subsubsection=\count83
\c@paragraph=\count84
\c@IEEEsubequation=\count85
\abovecaptionskip=\skip42
\belowcaptionskip=\skip43
\c@figure=\count86
\c@table=\count87
\@IEEEeqnnumcols=\count88
\@IEEEeqncolcnt=\count89
\@IEEEtmpitemindent=\dimen116
\c@IEEEbiography=\count90
\@IEEEtranrubishbin=\box26
) (/usr/local/texlive/2015/texmf-dist/tex/latex/graphics/graphicx.sty
Package: graphicx 2014/10/28 v1.0g Enhanced LaTeX Graphics (DPC,SPQR)

(/usr/local/texlive/2015/texmf-dist/tex/latex/graphics/keyval.sty
Package: keyval 2014/10/28 v1.15 key=value parser (DPC)
\KV@toks@=\toks15
)
(/usr/local/texlive/2015/texmf-dist/tex/latex/graphics/graphics.sty
Package: graphics 2014/10/28 v1.0p Standard LaTeX Graphics (DPC,SPQR)

(/usr/local/texlive/2015/texmf-dist/tex/latex/graphics/trig.sty
Package: trig 1999/03/16 v1.09 sin cos tan (DPC)
)
(/usr/local/texlive/2015/texmf-dist/tex/latex/latexconfig/graphics.cfg
File: graphics.cfg 2010/04/23 v1.9 graphics configuration of TeX Live
)
Package graphics Info: Driver file: dvips.def on input line 94.

(/usr/local/texlive/2015/texmf-dist/tex/latex/graphics/dvips.def
File: dvips.def 2014/10/14 v3.0j Driver-dependent file (DPC,SPQR)
))
\Gin@req@height=\dimen117
\Gin@req@width=\dimen118
)
(/usr/local/texlive/2015/texmf-dist/tex/latex/amsmath/amsmath.sty
Package: amsmath 2013/01/14 v2.14 AMS math features
\@mathmargin=\skip44

For additional information on amsmath, use the `?' option.
(/usr/local/texlive/2015/texmf-dist/tex/latex/amsmath/amstext.sty
Package: amstext 2000/06/29 v2.01

(/usr/local/texlive/2015/texmf-dist/tex/latex/amsmath/amsgen.sty
File: amsgen.sty 1999/11/30 v2.0
\@emptytoks=\toks16
\ex@=\dimen119
))
(/usr/local/texlive/2015/texmf-dist/tex/latex/amsmath/amsbsy.sty
Package: amsbsy 1999/11/29 v1.2d
\pmbraise@=\dimen120
)
(/usr/local/texlive/2015/texmf-dist/tex/latex/amsmath/amsopn.sty
Package: amsopn 1999/12/14 v2.01 operator names
)
\inf@bad=\count91
LaTeX Info: Redefining \frac on input line 210.
\uproot@=\count92
\leftroot@=\count93
LaTeX Info: Redefining \overline on input line 306.
\classnum@=\count94
\DOTSCASE@=\count95
LaTeX Info: Redefining \ldots on input line 378.
LaTeX Info: Redefining \dots on input line 381.
LaTeX Info: Redefining \cdots on input line 466.
\Mathstrutbox@=\box27
\strutbox@=\box28
\big@size=\dimen121
LaTeX Font Info:    Redeclaring font encoding OML on input line 566.
LaTeX Font Info:    Redeclaring font encoding OMS on input line 567.
\macc@depth=\count96
\c@MaxMatrixCols=\count97
\dotsspace@=\muskip10
\c@parentequation=\count98
\dspbrk@lvl=\count99
\tag@help=\toks17
\row@=\count100
\column@=\count101
\maxfields@=\count102
\andhelp@=\toks18
\eqnshift@=\dimen122
\alignsep@=\dimen123
\tagshift@=\dimen124
\tagwidth@=\dimen125
\totwidth@=\dimen126
\lineht@=\dimen127
\@envbody=\toks19
\multlinegap=\skip45
\multlinetaggap=\skip46
\mathdisplay@stack=\toks20
LaTeX Info: Redefining \[ on input line 2665.
LaTeX Info: Redefining \] on input line 2666.
)
(/usr/local/texlive/2015/texmf-dist/tex/latex/amsfonts/amssymb.sty
Package: amssymb 2013/01/14 v3.01 AMS font symbols

(/usr/local/texlive/2015/texmf-dist/tex/latex/amsfonts/amsfonts.sty
Package: amsfonts 2013/01/14 v3.01 Basic AMSFonts support
\symAMSa=\mathgroup4
\symAMSb=\mathgroup5
LaTeX Font Info:    Overwriting math alphabet `\mathfrak' in version `bold'
(Font)                  U/euf/m/n --> U/euf/b/n on input line 106.
))
(/usr/local/texlive/2015/texmf-dist/tex/latex/algorithms/algorithm.sty
Package: algorithm 2009/08/24 v0.1 Document Style `algorithm' - floating enviro
nment

(/usr/local/texlive/2015/texmf-dist/tex/latex/float/float.sty
Package: float 2001/11/08 v1.3d Float enhancements (AL)
\c@float@type=\count103
\float@exts=\toks21
\float@box=\box29
\@float@everytoks=\toks22
\@floatcapt=\box30
)
(/usr/local/texlive/2015/texmf-dist/tex/latex/base/ifthen.sty
Package: ifthen 2014/09/29 v1.1c Standard LaTeX ifthen package (DPC)
)
\@float@every@algorithm=\toks23
\c@algorithm=\count104
)
(/usr/local/texlive/2015/texmf-dist/tex/latex/algorithms/algorithmic.sty
Package: algorithmic 2009/08/24 v0.1 Document Style `algorithmic'
\c@ALC@unique=\count105
\c@ALC@line=\count106
\c@ALC@rem=\count107
\c@ALC@depth=\count108
\ALC@tlm=\skip47
\algorithmicindent=\skip48
)
(/usr/local/texlive/2015/texmf-dist/tex/latex/sttools/flushend.sty
Package: flushend 2015/04/14 v3.1 Balancing columns in twocolumn mode
\flushend@@lastskip@a=\skip49
\flushend@@lastskip@b=\skip50
\flushend@@lastskip@c=\skip51
\flushend@@penalty@a=\count109
\flushend@@lastkern@a=\dimen128
\var@@temp@spread=\dimen129
\var@@temp@a=\dimen130
\flushend@@page@rule=\dimen131
\flushend@@varbox@a=\box31
\flushend@@varbox@c=\box32
\flushend@@tempbox@a=\box33
\flushend@@tempbox@c=\box34
\@viper=\box35
\hold@viper=\box36
\atColsBreak=\toks24
\atColsEnd=\toks25

(/usr/local/texlive/2015/texmf-dist/tex/latex/etoolbox/etoolbox.sty
Package: etoolbox 2015/05/04 v2.2 e-TeX tools for LaTeX (JAW)
\etb@tempcnta=\count110
))
(/usr/local/texlive/2015/texmf-dist/tex/latex/cite/cite.sty
LaTeX Info: Redefining \cite on input line 302.
LaTeX Info: Redefining \nocite on input line 332.
Package: cite 2015/02/27  v 5.5
)
(/usr/local/texlive/2015/texmf-dist/tex/latex/pdfpages/pdfpages.sty
Package: pdfpages 2015/05/11 v0.4x Insert pages of external PDF documents (AM)

(/usr/local/texlive/2015/texmf-dist/tex/latex/tools/calc.sty
Package: calc 2014/10/28 v4.3 Infix arithmetic (KKT,FJ)
\calc@Acount=\count111
\calc@Bcount=\count112
\calc@Adimen=\dimen132
\calc@Bdimen=\dimen133
\calc@Askip=\skip52
\calc@Bskip=\skip53
LaTeX Info: Redefining \setlength on input line 80.
LaTeX Info: Redefining \addtolength on input line 81.
\calc@Ccount=\count113
\calc@Cskip=\skip54
)
(/usr/local/texlive/2015/texmf-dist/tex/latex/eso-pic/eso-pic.sty
Package: eso-pic 2015/04/20 v2.0e eso-pic (RN)

(/usr/local/texlive/2015/texmf-dist/tex/generic/oberdiek/atbegshi.sty
Package: atbegshi 2011/10/05 v1.16 At begin shipout hook (HO)

(/usr/local/texlive/2015/texmf-dist/tex/generic/oberdiek/infwarerr.sty
Package: infwarerr 2010/04/08 v1.3 Providing info/warning/error messages (HO)
)
(/usr/local/texlive/2015/texmf-dist/tex/generic/oberdiek/ltxcmds.sty
Package: ltxcmds 2011/11/09 v1.22 LaTeX kernel commands for general use (HO)
)
(/usr/local/texlive/2015/texmf-dist/tex/generic/oberdiek/ifpdf.sty
Package: ifpdf 2011/01/30 v2.3 Provides the ifpdf switch (HO)
Package ifpdf Info: pdfTeX in PDF mode is detected.
))
(/usr/local/texlive/2015/texmf-dist/tex/latex/xcolor/xcolor.sty
Package: xcolor 2007/01/21 v2.11 LaTeX color extensions (UK)

(/usr/local/texlive/2015/texmf-dist/tex/latex/latexconfig/color.cfg
File: color.cfg 2007/01/18 v1.5 color configuration of teTeX/TeXLive
)
Package xcolor Info: Driver file: pdftex.def on input line 225.

(/usr/local/texlive/2015/texmf-dist/tex/latex/pdftex-def/pdftex.def
File: pdftex.def 2011/05/27 v0.06d Graphics/color for pdfTeX
\Gread@gobject=\count114
)
Package xcolor Info: Model `cmy' substituted by `cmy0' on input line 1337.
Package xcolor Info: Model `RGB' extended on input line 1353.
Package xcolor Info: Model `HTML' substituted by `rgb' on input line 1355.
Package xcolor Info: Model `Hsb' substituted by `hsb' on input line 1356.
Package xcolor Info: Model `tHsb' substituted by `hsb' on input line 1357.
Package xcolor Info: Model `HSB' substituted by `hsb' on input line 1358.
Package xcolor Info: Model `Gray' substituted by `gray' on input line 1359.
Package xcolor Info: Model `wave' substituted by `hsb' on input line 1360.
))
\AM@pagewidth=\dimen134
\AM@pageheight=\dimen135

(/usr/local/texlive/2015/texmf-dist/tex/latex/pdfpages/pppdftex.def
File: pppdftex.def 2015/05/11 v0.4x Pdfpages driver for pdfTeX (AM)
)
\AM@pagebox=\box37
\AM@toc@title=\toks26
\c@AM@survey=\count115
\AM@templatesizebox=\box38
)
(./Different_Every_Time.aux

LaTeX Warning: Label `fig:interarrival_ent' multiply defined.


LaTeX Warning: Label `fig:interarrival_ent' multiply defined.


LaTeX Warning: Label `fig:interarrival_ubun' multiply defined.


LaTeX Warning: Label `fig:interarrival_ubun' multiply defined.


LaTeX Warning: Label `fig:interarrival_ent' multiply defined.


LaTeX Warning: Label `fig:interarrival_ent' multiply defined.

)
\openout1 = `Different_Every_Time.aux'.

LaTeX Font Info:    Checking defaults for OML/cmm/m/it on input line 12.
LaTeX Font Info:    ... okay on input line 12.
LaTeX Font Info:    Checking defaults for T1/cmr/m/n on input line 12.
LaTeX Font Info:    ... okay on input line 12.
LaTeX Font Info:    Checking defaults for OT1/cmr/m/n on input line 12.
LaTeX Font Info:    ... okay on input line 12.
LaTeX Font Info:    Checking defaults for OMS/cmsy/m/n on input line 12.
LaTeX Font Info:    ... okay on input line 12.
LaTeX Font Info:    Checking defaults for OMX/cmex/m/n on input line 12.
LaTeX Font Info:    ... okay on input line 12.
LaTeX Font Info:    Checking defaults for U/cmr/m/n on input line 12.
LaTeX Font Info:    ... okay on input line 12.
 (/usr/local/texlive/2015/texmf-dist/tex/generic/oberdiek/pdftexcmds.sty
Package: pdftexcmds 2011/11/29 v0.20 Utility functions of pdfTeX for LuaTeX (HO
)

(/usr/local/texlive/2015/texmf-dist/tex/generic/oberdiek/ifluatex.sty
Package: ifluatex 2010/03/01 v1.3 Provides the ifluatex switch (HO)
Package ifluatex Info: LuaTeX not detected.
)
Package pdftexcmds Info: LuaTeX not detected.
Package pdftexcmds Info: \pdf@primitive is available.
Package pdftexcmds Info: \pdf@ifprimitive is available.
Package pdftexcmds Info: \pdfdraftmode found.
)
(/usr/local/texlive/2015/texmf-dist/tex/latex/oberdiek/epstopdf-base.sty
Package: epstopdf-base 2010/02/09 v2.5 Base part for package epstopdf

(/usr/local/texlive/2015/texmf-dist/tex/latex/oberdiek/grfext.sty
Package: grfext 2010/08/19 v1.1 Manage graphics extensions (HO)

(/usr/local/texlive/2015/texmf-dist/tex/generic/oberdiek/kvdefinekeys.sty
Package: kvdefinekeys 2011/04/07 v1.3 Define keys (HO)
))
(/usr/local/texlive/2015/texmf-dist/tex/latex/oberdiek/kvoptions.sty
Package: kvoptions 2011/06/30 v3.11 Key value format for package options (HO)

(/usr/local/texlive/2015/texmf-dist/tex/generic/oberdiek/kvsetkeys.sty
Package: kvsetkeys 2012/04/25 v1.16 Key value parser (HO)

(/usr/local/texlive/2015/texmf-dist/tex/generic/oberdiek/etexcmds.sty
Package: etexcmds 2011/02/16 v1.5 Avoid name clashes with e-TeX commands (HO)
Package etexcmds Info: Could not find \expanded.
(etexcmds)             That can mean that you are not using pdfTeX 1.50 or
(etexcmds)             that some package has redefined \expanded.
(etexcmds)             In the latter case, load this package earlier.
)))
Package epstopdf-base Info: Redefining graphics rule for `.eps' on input line 4
34.
Package grfext Info: Graphics extension search list:
(grfext)             [.png,.pdf,.jpg,.mps,.jpeg,.jbig2,.jb2,.PNG,.PDF,.JPG,.JPE
G,.JBIG2,.JB2,.eps]
(grfext)             \AppendGraphicsExtensions on input line 452.

(/usr/local/texlive/2015/texmf-dist/tex/latex/latexconfig/epstopdf-sys.cfg
File: epstopdf-sys.cfg 2010/07/13 v1.3 Configuration of (r)epstopdf for TeX Liv
e
))
\AtBeginShipoutBox=\box39

(/usr/local/texlive/2015/texmf-dist/tex/context/base/supp-pdf.mkii
[Loading MPS to PDF converter (version 2006.09.02).]
\scratchcounter=\count116
\scratchdimen=\dimen136
\scratchbox=\box40
\nofMPsegments=\count117
\nofMParguments=\count118
\everyMPshowfont=\toks27
\MPscratchCnt=\count119
\MPscratchDim=\dimen137
\MPnumerator=\count120
\makeMPintoPDFobject=\count121
\everyMPtoPDFconversion=\toks28
) [1{/usr/local/texlive/2015/texmf-var/fonts/map/pdftex/updmap/pdftex.map}


]
[2]

LaTeX Warning: No positions in optional float specifier.
               Default added (so using `tbp') on input line 117.

LaTeX Font Info:    Try loading font information for U+msa on input line 121.
(/usr/local/texlive/2015/texmf-dist/tex/latex/amsfonts/umsa.fd
File: umsa.fd 2013/01/14 v3.01 AMS symbols A
)
LaTeX Font Info:    Try loading font information for U+msb on input line 121.

(/usr/local/texlive/2015/texmf-dist/tex/latex/amsfonts/umsb.fd
File: umsb.fd 2013/01/14 v3.01 AMS symbols B
)
Underfull \hbox (badness 10000) in paragraph at lines 121--121
[]\OT1/ptm/b/n/7 Duration
 []


Underfull \hbox (badness 10000) in paragraph at lines 121--121
[]\OT1/ptm/b/n/7 Conversations
 []


Underfull \hbox (badness 10000) in paragraph at lines 121--121
[]\OT1/ptm/b/n/7 No. En-tan-gled
 []


Underfull \hbox (badness 10000) in paragraph at lines 121--122
[]\OT1/ptm/b/n/7 Entangled
 []


Underfull \hbox (badness 10000) in paragraph at lines 123--123
[]\OT1/ptm/m/n/7 Enterprise In-stant
 []

[3] [4] <01_duration_enterprise.pdf, id=19, 844.15375pt x 597.23125pt>
File: 01_duration_enterprise.pdf Graphic file (type pdf)

<use 01_duration_enterprise.pdf>
Package pdftex.def Info: 01_duration_enterprise.pdf used on input line 203.
(pdftex.def)             Requested size: 256.08183pt x 256.07538pt.

Overfull \hbox (3.03197pt too wide) in paragraph at lines 203--204
 [] 
 []

./Different_Every_Time.tex:210: Misplaced alignment tab character &.
l.210 ...e removed from the dataset. Both a Burr &
                                                   log-logistic distribution...

? s
OK, entering \scrollmode...
<02_duration_ubuntu.pdf, id=20, 844.15375pt x 597.23125pt>
File: 02_duration_ubuntu.pdf Graphic file (type pdf)

<use 02_duration_ubuntu.pdf>
Package pdftex.def Info: 02_duration_ubuntu.pdf used on input line 214.
(pdftex.def)             Requested size: 256.08183pt x 256.07538pt.

Overfull \hbox (3.03197pt too wide) in paragraph at lines 214--215
 [] 
 []

./Different_Every_Time.tex:215: Misplaced alignment tab character &.
<argument> ...ersation duration with fitted Burr &
                                                   loglogistic curve
l.215 ...ion with fitted Burr & loglogistic curve}
                                                  
I can't figure out why you would want to use a tab mark
here. If you just want an ampersand, the remedy is
simple: Just type `I\&' now. But if some right brace
up above has ended a previous alignment prematurely,
you're probably due for more error messages, and you
might try typing `S' now just to see what is salvageable.

<03_delta_logical_enterprise.pdf, id=21, 844.15375pt x 597.23125pt>
File: 03_delta_logical_enterprise.pdf Graphic file (type pdf)

<use 03_delta_logical_enterprise.pdf>
Package pdftex.def Info: 03_delta_logical_enterprise.pdf used on input line 229
.
(pdftex.def)             Requested size: 241.84863pt x 256.07538pt.

<04_delta_entangled_enterprise.pdf, id=22, 844.15375pt x 597.23125pt>
File: 04_delta_entangled_enterprise.pdf Graphic file (type pdf)

<use 04_delta_entangled_enterprise.pdf>
Package pdftex.def Info: 04_delta_entangled_enterprise.pdf used on input line 2
37.
(pdftex.def)             Requested size: 256.08183pt x 241.84999pt.

Overfull \hbox (3.03197pt too wide) in paragraph at lines 237--238
 [] 
 []

<05_delta_kde_enterprise.pdf, id=23, 844.15375pt x 597.23125pt>
File: 05_delta_kde_enterprise.pdf Graphic file (type pdf)

<use 05_delta_kde_enterprise.pdf>
Package pdftex.def Info: 05_delta_kde_enterprise.pdf used on input line 247.
(pdftex.def)             Requested size: 256.08183pt x 241.84999pt.

Overfull \hbox (3.03197pt too wide) in paragraph at lines 247--248
 [] 
 []

./Different_Every_Time.tex:248: Undefined control sequence.
<argument> ...d uniform (rectangular) kernel & \n 
                                                  SJ-DPI bandwidth selection...
l.248 ...el & \n SJ-DPI bandwidth selection curve}
                                                  
The control sequence at the end of the top line
of your error message was never \def'ed. If you have
misspelled it (e.g., `\hobx'), type `I' and the correct
spelling (e.g., `I\hbox'). Otherwise just continue,
and I'll forget about whatever was undefined.

./Different_Every_Time.tex:248: Misplaced alignment tab character &.
<argument> ...itted uniform (rectangular) kernel &
                                                   \n SJ-DPI bandwidth selec...
l.248 ...el & \n SJ-DPI bandwidth selection curve}
                                                  
I can't figure out why you would want to use a tab mark
here. If you just want an ampersand, the remedy is
simple: Just type `I\&' now. But if some right brace
up above has ended a previous alignment prematurely,
you're probably due for more error messages, and you
might try typing `S' now just to see what is salvageable.

./Different_Every_Time.tex:248: Undefined control sequence.
<argument> ...d uniform (rectangular) kernel & \n 
                                                  SJ-DPI bandwidth selection...
l.248 ...el & \n SJ-DPI bandwidth selection curve}
                                                  
The control sequence at the end of the top line
of your error message was never \def'ed. If you have
misspelled it (e.g., `\hobx'), type `I' and the correct
spelling (e.g., `I\hbox'). Otherwise just continue,
and I'll forget about whatever was undefined.

./Different_Every_Time.tex:248: Misplaced alignment tab character &.
<argument> ...itted uniform (rectangular) kernel &
                                                   \n SJ-DPI bandwidth selec...
l.248 ...el & \n SJ-DPI bandwidth selection curve}
                                                  
I can't figure out why you would want to use a tab mark
here. If you just want an ampersand, the remedy is
simple: Just type `I\&' now. But if some right brace
up above has ended a previous alignment prematurely,
you're probably due for more error messages, and you
might try typing `S' now just to see what is salvageable.

./Different_Every_Time.tex:248: Undefined control sequence.
<argument> ...d uniform (rectangular) kernel & \n 
                                                  SJ-DPI bandwidth selection...
l.248 ...el & \n SJ-DPI bandwidth selection curve}
                                                  
The control sequence at the end of the top line
of your error message was never \def'ed. If you have
misspelled it (e.g., `\hobx'), type `I' and the correct
spelling (e.g., `I\hbox'). Otherwise just continue,
and I'll forget about whatever was undefined.

<06_delta_logical_ubuntu.pdf, id=24, 844.15375pt x 597.23125pt>
File: 06_delta_logical_ubuntu.pdf Graphic file (type pdf)

<use 06_delta_logical_ubuntu.pdf>
Package pdftex.def Info: 06_delta_logical_ubuntu.pdf used on input line 257.
(pdftex.def)             Requested size: 256.08183pt x 241.84999pt.

Overfull \hbox (3.03197pt too wide) in paragraph at lines 257--258
 [] 
 []

<07_delta_entangled_ubuntu.pdf, id=25, 844.15375pt x 597.23125pt>
File: 07_delta_entangled_ubuntu.pdf Graphic file (type pdf)

<use 07_delta_entangled_ubuntu.pdf>
Package pdftex.def Info: 07_delta_entangled_ubuntu.pdf used on input line 265.
(pdftex.def)             Requested size: 256.08183pt x 241.84999pt.

Overfull \hbox (3.03197pt too wide) in paragraph at lines 265--266
 [] 
 []

[5 <./01_duration_enterprise.pdf> <./02_duration_ubuntu.pdf>] [6 <./03_delta_lo
gical_enterprise.pdf> <./04_delta_entangled_enterprise.pdf> <./05_delta_kde_ent
erprise.pdf> <./06_delta_logical_ubuntu.pdf>]
<08_delta_kde_ubuntu.pdf, id=68, 844.15375pt x 597.23125pt>
File: 08_delta_kde_ubuntu.pdf Graphic file (type pdf)

<use 08_delta_kde_ubuntu.pdf>
Package pdftex.def Info: 08_delta_kde_ubuntu.pdf used on input line 275.
(pdftex.def)             Requested size: 256.08183pt x 241.84999pt.

Overfull \hbox (3.03197pt too wide) in paragraph at lines 275--276
 [] 
 []

./Different_Every_Time.tex:276: Undefined control sequence.
<argument> ...d uniform (rectangular) kernel & \n 
                                                  SJ-DPI bandwidth selection...
l.276 ...el & \n SJ-DPI bandwidth selection curve}
                                                  
The control sequence at the end of the top line
of your error message was never \def'ed. If you have
misspelled it (e.g., `\hobx'), type `I' and the correct
spelling (e.g., `I\hbox'). Otherwise just continue,
and I'll forget about whatever was undefined.

./Different_Every_Time.tex:276: Misplaced alignment tab character &.
<argument> ...itted uniform (rectangular) kernel &
                                                   \n SJ-DPI bandwidth selec...
l.276 ...el & \n SJ-DPI bandwidth selection curve}
                                                  
I can't figure out why you would want to use a tab mark
here. If you just want an ampersand, the remedy is
simple: Just type `I\&' now. But if some right brace
up above has ended a previous alignment prematurely,
you're probably due for more error messages, and you
might try typing `S' now just to see what is salvageable.

./Different_Every_Time.tex:276: Undefined control sequence.
<argument> ...d uniform (rectangular) kernel & \n 
                                                  SJ-DPI bandwidth selection...
l.276 ...el & \n SJ-DPI bandwidth selection curve}
                                                  
The control sequence at the end of the top line
of your error message was never \def'ed. If you have
misspelled it (e.g., `\hobx'), type `I' and the correct
spelling (e.g., `I\hbox'). Otherwise just continue,
and I'll forget about whatever was undefined.

./Different_Every_Time.tex:276: Misplaced alignment tab character &.
<argument> ...itted uniform (rectangular) kernel &
                                                   \n SJ-DPI bandwidth selec...
l.276 ...el & \n SJ-DPI bandwidth selection curve}
                                                  
I can't figure out why you would want to use a tab mark
here. If you just want an ampersand, the remedy is
simple: Just type `I\&' now. But if some right brace
up above has ended a previous alignment prematurely,
you're probably due for more error messages, and you
might try typing `S' now just to see what is salvageable.

./Different_Every_Time.tex:276: Undefined control sequence.
<argument> ...d uniform (rectangular) kernel & \n 
                                                  SJ-DPI bandwidth selection...
l.276 ...el & \n SJ-DPI bandwidth selection curve}
                                                  
The control sequence at the end of the top line
of your error message was never \def'ed. If you have
misspelled it (e.g., `\hobx'), type `I' and the correct
spelling (e.g., `I\hbox'). Otherwise just continue,
and I'll forget about whatever was undefined.

<09_interarrival_enterprise.pdf, id=69, 844.15375pt x 597.23125pt>
File: 09_interarrival_enterprise.pdf Graphic file (type pdf)

<use 09_interarrival_enterprise.pdf>
Package pdftex.def Info: 09_interarrival_enterprise.pdf used on input line 288.

(pdftex.def)             Requested size: 256.08183pt x 241.84999pt.

Overfull \hbox (3.03197pt too wide) in paragraph at lines 288--289
 [] 
 []

<10_interarrival_ubuntu.pdf, id=70, 844.15375pt x 597.23125pt>
File: 10_interarrival_ubuntu.pdf Graphic file (type pdf)

<use 10_interarrival_ubuntu.pdf>
Package pdftex.def Info: 10_interarrival_ubuntu.pdf used on input line 299.
(pdftex.def)             Requested size: 256.08183pt x 241.84999pt.

Overfull \hbox (3.03197pt too wide) in paragraph at lines 299--300
 [] 
 []


Underfull \vbox (badness 5161) has occurred while \output is active []

 [7 <./07_delta_entangled_ubuntu.pdf> <./08_delta_kde_ubuntu.pdf> <./09_interar
rival_enterprise.pdf> <./10_interarrival_ubuntu.pdf>]
<11_messages_enterprise.pdf, id=99, 844.15375pt x 597.23125pt>
File: 11_messages_enterprise.pdf Graphic file (type pdf)

<use 11_messages_enterprise.pdf>
Package pdftex.def Info: 11_messages_enterprise.pdf used on input line 312.
(pdftex.def)             Requested size: 256.08183pt x 241.84999pt.

Overfull \hbox (3.03197pt too wide) in paragraph at lines 312--313
 [] 
 []

<12_words_enterprise.pdf, id=100, 844.15375pt x 597.23125pt>
File: 12_words_enterprise.pdf Graphic file (type pdf)

<use 12_words_enterprise.pdf>
Package pdftex.def Info: 12_words_enterprise.pdf used on input line 320.
(pdftex.def)             Requested size: 256.08183pt x 241.84999pt.

Overfull \hbox (3.03197pt too wide) in paragraph at lines 320--321
 [] 
 []

<13_messages_ubuntu.pdf, id=101, 844.15375pt x 597.23125pt>
File: 13_messages_ubuntu.pdf Graphic file (type pdf)

<use 13_messages_ubuntu.pdf>
Package pdftex.def Info: 13_messages_ubuntu.pdf used on input line 331.
(pdftex.def)             Requested size: 256.08183pt x 241.84999pt.

Overfull \hbox (3.03197pt too wide) in paragraph at lines 331--332
 [] 
 []

<14_words_ubuntu.pdf, id=102, 844.15375pt x 597.23125pt>
File: 14_words_ubuntu.pdf Graphic file (type pdf)

<use 14_words_ubuntu.pdf>
Package pdftex.def Info: 14_words_ubuntu.pdf used on input line 339.
(pdftex.def)             Requested size: 256.08183pt x 241.84999pt.

Overfull \hbox (3.03197pt too wide) in paragraph at lines 339--340
 [] 
 []

<15_users_enterprise.pdf, id=103, 844.15375pt x 597.23125pt>
File: 15_users_enterprise.pdf Graphic file (type pdf)

<use 15_users_enterprise.pdf>
Package pdftex.def Info: 15_users_enterprise.pdf used on input line 353.
(pdftex.def)             Requested size: 256.08183pt x 241.84999pt.

Overfull \hbox (3.03197pt too wide) in paragraph at lines 353--354
 [] 
 []

<16_users_ubuntu.pdf, id=104, 844.15375pt x 597.23125pt>
File: 16_users_ubuntu.pdf Graphic file (type pdf)

<use 16_users_ubuntu.pdf>
Package pdftex.def Info: 16_users_ubuntu.pdf used on input line 365.
(pdftex.def)             Requested size: 256.08183pt x 241.84999pt.

Overfull \hbox (3.03197pt too wide) in paragraph at lines 365--366
 [] 
 []


Underfull \vbox (badness 10000) has occurred while \output is active []

 [8 <./11_messages_enterprise.pdf> <./12_words_enterprise.pdf> <./13_messages_u
buntu.pdf>]

LaTeX Warning: No positions in optional float specifier.
               Default added (so using `tbp') on input line 377.

./Different_Every_Time.tex:435: Missing $ inserted.
<inserted text> 
                $
l.435 \par {$\chi$}^
                    2  = 2.97
I've inserted a begin-math/end-math symbol since I think
you left one out. Proceed, with fingers crossed.

./Different_Every_Time.tex:436: Missing $ inserted.
<inserted text> 
                $
l.436 \par
           degrees of freedom = 4
I've inserted a begin-math/end-math symbol since I think
you left one out. Proceed, with fingers crossed.

./Different_Every_Time.tex:442: Missing $ inserted.
<inserted text> 
                $
l.442 \par {$\chi$}^
                    2  = 11.08
I've inserted a begin-math/end-math symbol since I think
you left one out. Proceed, with fingers crossed.

./Different_Every_Time.tex:443: Missing $ inserted.
<inserted text> 
                $
l.443 \par
           degrees of freedom = 5
I've inserted a begin-math/end-math symbol since I think
you left one out. Proceed, with fingers crossed.

[9 <./14_words_ubuntu.pdf> <./15_users_enterprise.pdf> <./16_users_ubuntu.pdf>]

Underfull \vbox (badness 6016) has occurred while \output is active []

 [10]
./Different_Every_Time.tex:494: Misplaced alignment tab character &.
<argument> ...ts per conversation (Untransformed &
                                                   Hurdle adjustment)
l.494 ...tion (Untransformed & Hurdle adjustment)}
                                                  
I can't figure out why you would want to use a tab mark
here. If you just want an ampersand, the remedy is
simple: Just type `I\&' now. But if some right brace
up above has ended a previous alignment prematurely,
you're probably due for more error messages, and you
might try typing `S' now just to see what is salvageable.

./Different_Every_Time.tex:496: Missing $ inserted.
<inserted text> 
                $
l.496 \begin{left}
                  
I've inserted a begin-math/end-math symbol since I think
you left one out. Proceed, with fingers crossed.

./Different_Every_Time.tex:497: Missing delimiter (. inserted).
<to be read again> 
                   \def 
l.497 \begin{tabular}
                     {p{1.5cm} | p{0.45cm} | p{0.45cm} | p{0.45cm} | p{0.45c...
I was expecting to see something like `(' or `\{' or
`\}' here. If you typed, e.g., `{' instead of `\{', you
should probably delete the `{' by typing `1' now, so that
braces don't get unbalanced. Otherwise just proceed.
Acceptable delimiters are characters whose \delcode is
nonnegative, or you can use `\delimiter <delimiter code>'.


Overfull \hbox (4.45837pt too wide) in paragraph at lines 497--497
[]\OT1/ptm/b/n/7 Transformation| 
 []


Underfull \hbox (badness 10000) in paragraph at lines 497--497
[]\OT1/ptm/b/n/7 0
 []


Overfull \hbox (2.75008pt too wide) in paragraph at lines 497--497
\OT1/ptm/b/n/7 users| 
 []


Underfull \hbox (badness 10000) in paragraph at lines 497--497
[]\OT1/ptm/b/n/7 1
 []


Underfull \hbox (badness 10000) in paragraph at lines 497--497
[]\OT1/ptm/b/n/7 2
 []


Overfull \hbox (2.75008pt too wide) in paragraph at lines 497--497
\OT1/ptm/b/n/7 users| 
 []


Underfull \hbox (badness 10000) in paragraph at lines 497--497
[]\OT1/ptm/b/n/7 3
 []


Overfull \hbox (2.75008pt too wide) in paragraph at lines 497--497
\OT1/ptm/b/n/7 users| 
 []


Underfull \hbox (badness 10000) in paragraph at lines 497--497
[]\OT1/ptm/b/n/7 4
 []


Overfull \hbox (2.75008pt too wide) in paragraph at lines 497--497
\OT1/ptm/b/n/7 users| 
 []


Underfull \hbox (badness 10000) in paragraph at lines 497--497
[]\OT1/ptm/b/n/7 5
 []


Overfull \hbox (2.75008pt too wide) in paragraph at lines 497--497
\OT1/ptm/b/n/7 users| 
 []


Underfull \hbox (badness 10000) in paragraph at lines 497--497
[]\OT1/ptm/b/n/7 6
 []


Overfull \hbox (2.75008pt too wide) in paragraph at lines 497--497
\OT1/ptm/b/n/7 users| 
 []


Underfull \hbox (badness 10000) in paragraph at lines 497--498
[]\OT1/ptm/b/n/7 7
 []


Overfull \hbox (2.75008pt too wide) in paragraph at lines 497--498
\OT1/ptm/b/n/7 users| 
 []


./Different_Every_Time.tex:502: LaTeX Error: Command \end{left} invalid in math
 mode.

See the LaTeX manual or LaTeX Companion for explanation.
Type  H <return>  for immediate help.
 ...                                              
                                                  
l.502 \end{center}
                  
Try typing  <return>  to proceed.
If that doesn't work, type  X <return>  to quit.


./Different_Every_Time.tex:502: LaTeX Error: Something's wrong--perhaps a missi
ng \item.

See the LaTeX manual or LaTeX Companion for explanation.
Type  H <return>  for immediate help.
 ...                                              
                                                  
l.502 \end{center}
                  
Try typing  <return>  to proceed.
If that doesn't work, type  X <return>  to quit.


./Different_Every_Time.tex:502: LaTeX Error: Something's wrong--perhaps a missi
ng \item.

See the LaTeX manual or LaTeX Companion for explanation.
Type  H <return>  for immediate help.
 ...                                              
                                                  
l.502 \end{center}
                  
Try typing  <return>  to proceed.
If that doesn't work, type  X <return>  to quit.


./Different_Every_Time.tex:502: LaTeX Error: \begin{left} on input line 496 end
ed by \end{center}.

See the LaTeX manual or LaTeX Companion for explanation.
Type  H <return>  for immediate help.
 ...                                              
                                                  
l.502 \end{center}
                  
Your command was ignored.
Type  I <command> <return>  to replace it with another command,
or  <return>  to continue without it.

./Different_Every_Time.tex:502: Missing \right. inserted.
<inserted text> 
                \right .
l.502 \end{center}
                  
I've inserted something that you may have forgotten.
(See the <inserted text> above.)
With luck, this will get me unwedged. But if you
really didn't forget anything, try typing `2' now; then
my insertion and my current dilemma will both disappear.

./Different_Every_Time.tex:502: Missing $ inserted.
<inserted text> 
                $
l.502 \end{center}
                  
I've inserted something that you may have forgotten.
(See the <inserted text> above.)
With luck, this will get me unwedged. But if you
really didn't forget anything, try typing `2' now; then
my insertion and my current dilemma will both disappear.


Overfull \hbox (2.45845pt too wide) in paragraph at lines 496--503
[]$[]$ 
 []

[11] (./Different_Every_Time.bbl
Underfull \hbox (badness 6016) in paragraph at lines 44--46
[]\OT1/ptm/m/n/8 ``Watson work-place,'' 2017. [On-line]. Avail-able:
 []

[12])

** Conference Paper **
Before submitting the final camera ready copy, remember to:

 1. Manually equalize the lengths of two columns on the last page
 of your paper;

 2. Ensure that any PostScript and/or PDF output post-processing
 uses only Type 1 fonts and that every step in the generation
 process uses the appropriate paper size.

- LAST -
Extra skip:0.0pt
Left:11.0pt/1.73193pt
Right:11.0pt/1.73193pt
Output:10.0pt
[13] (./Different_Every_Time.aux)

LaTeX Warning: There were multiply-defined labels.

 ) 
Here is how much of TeX's memory you used:
 5133 strings out of 493089
 75505 string characters out of 6134843
 157323 words of memory out of 5000000
 8518 multiletter control sequences out of 15000+600000
 39343 words of font info for 73 fonts, out of 8000000 for 9000
 1141 hyphenation exceptions out of 8191
 38i,12n,39p,908b,290s stack positions out of 5000i,500n,10000p,200000b,80000s
{/usr/local/texlive/2015/texmf-dist/fonts/enc/dvips/base/8r.enc}</usr/local/t
exlive/2015/texmf-dist/fonts/type1/public/amsfonts/cm/cmmi7.pfb></usr/local/tex
live/2015/texmf-dist/fonts/type1/public/amsfonts/cm/cmr5.pfb></usr/local/texliv
e/2015/texmf-dist/fonts/type1/public/amsfonts/cm/cmr7.pfb></usr/local/texlive/2
015/texmf-dist/fonts/type1/urw/times/utmb8a.pfb></usr/local/texlive/2015/texmf-
dist/fonts/type1/urw/times/utmbi8a.pfb></usr/local/texlive/2015/texmf-dist/font
s/type1/urw/times/utmr8a.pfb></usr/local/texlive/2015/texmf-dist/fonts/type1/ur
w/times/utmri8a.pfb>
Output written on Different_Every_Time.pdf (13 pages, 203919 bytes).
PDF statistics:
 189 PDF objects out of 1000 (max. 8388607)
 133 compressed objects within 2 object streams
 0 named destinations out of 1000 (max. 500000)
 81 words of extra memory for PDF output out of 10000 (max. 10000000)

