This is pdfTeX, Version 3.14159265-2.6-1.40.16 (TeX Live 2015) (preloaded format=pdflatex 2016.2.7)  7 AUG 2017 12:12
entering extended mode
 restricted \write18 enabled.
 file:line:error style messages enabled.
 %&-line parsing enabled.
**Thesis.tex
(./Thesis.tex
LaTeX2e <2015/01/01>
Babel <3.9l> and hyphenation patterns for 79 languages loaded.
(/usr/local/texlive/2015/texmf-dist/tex/latex/memoir/memoir.cls
Document Class: memoir 2015/04/23 v3.7d configurable book, report, article docu
ment class
\onelineskip=\skip41
\lxvchars=\skip42
\xlvchars=\skip43
\@memcnta=\count79
\c@@memmarkcntra=\count80
(/usr/local/texlive/2015/texmf-dist/tex/generic/oberdiek/ifpdf.sty
Package: ifpdf 2011/01/30 v2.3 Provides the ifpdf switch (HO)
Package ifpdf Info: pdfTeX in PDF mode is detected.
)
(/usr/local/texlive/2015/texmf-dist/tex/latex/ifetex/ifetex.sty
Package: ifetex 2011/12/15 v1.2 ifetex

(/usr/local/texlive/2015/texmf-dist/tex/plain/ifetex/ifetex.tex))
(/usr/local/texlive/2015/texmf-dist/tex/generic/ifxetex/ifxetex.sty
Package: ifxetex 2010/09/12 v0.6 Provides ifxetex conditional
)
(/usr/local/texlive/2015/texmf-dist/tex/generic/oberdiek/ifluatex.sty
Package: ifluatex 2010/03/01 v1.3 Provides the ifluatex switch (HO)
Package ifluatex Info: LuaTeX not detected.
)
\stockheight=\skip44
\stockwidth=\skip45
\trimtop=\skip46
\trimedge=\skip47

(/usr/local/texlive/2015/texmf-dist/tex/latex/etex-pkg/etex.sty
Package: etex 2015/03/02 v2.1 eTeX basic definition package (PEB,DPC)
\et@xins=\count81
)
(/usr/local/texlive/2015/texmf-dist/tex/latex/memoir/mem12.clo
File: mem12.clo 2010/10/19 v0.4b memoir class 12pt size option
)
\binding=\skip48
\spinemargin=\skip49
\foremargin=\skip50
\uppermargin=\skip51
\lowermargin=\skip52
\headdrop=\skip53
\normalrulethickness=\skip54
\mem@maxheadheight=\skip55
\mem@maxfootheight=\skip56
\headwidth=\skip57
\c@storedpagenumber=\count82
\memPD=\dimen102
\m@mabparskip=\skip58
\thanksmarkwidth=\skip59
\thanksmarksep=\skip60
\droptitle=\skip61
\c@book=\count83
\c@part=\count84
\c@chapter=\count85
\c@section=\count86
\c@subsection=\count87
\c@subsubsection=\count88
\c@paragraph=\count89
\c@subparagraph=\count90
\beforechapskip=\skip62
\midchapskip=\skip63
\afterchapskip=\skip64
\chapindent=\skip65
\bottomsectionskip=\skip66
\secindent=\skip67
\beforesecskip=\skip68
\aftersecskip=\skip69
\subsecindent=\skip70
\beforesubsecskip=\skip71
\aftersubsecskip=\skip72
\subsubsecindent=\skip73
\beforesubsubsecskip=\skip74
\aftersubsubsecskip=\skip75
\paraindent=\skip76
\beforeparaskip=\skip77
\afterparaskip=\skip78
\subparaindent=\skip79
\beforesubparaskip=\skip80
\aftersubparaskip=\skip81
\pfbreakskip=\skip82
\c@@ppsavesec=\count91
\c@@ppsaveapp=\count92
\ragrparindent=\dimen103
\everylistparindent=\dimen104
\parsepi=\skip83
\topsepi=\skip84
\itemsepi=\skip85
\parsepii=\skip86
\topsepii=\skip87
\topsepiii=\skip88
\itemsepii=\skip89
\itemsepiii=\skip90
\partopsepii=\skip91
\partopsepiii=\skip92
\m@msavetopsep=\skip93
\m@msavepartopsep=\skip94
\@enLab=\toks14
\abstitleskip=\skip95
\absleftindent=\skip96
\abs@leftindent=\dimen105
\absrightindent=\skip97
\absparindent=\skip98
\absparsep=\skip99
\c@vslineno=\count93
\c@poemline=\count94
\c@modulo@vs=\count95
\c@memfvsline=\count96
\vleftskip=\skip100
\vrightskip=\skip101
\stanzaskip=\skip102
\versewidth=\skip103
\vgap=\skip104
\vindent=\skip105
\vleftmargin=\dimen106
\c@verse=\count97
\c@chrsinstr=\count98
\beforepoemtitleskip=\skip106
\afterpoemtitleskip=\skip107
\c@poem=\count99
\beforePoemTitleskip=\skip108
\midPoemTitleskip=\skip109
\afterPoemTitleskip=\skip110
\col@sep=\dimen107
\extrarowheight=\dimen108
\NC@list=\toks15
\extratabsurround=\skip111
\backup@length=\skip112
\TX@col@width=\dimen109
\TX@old@table=\dimen110
\TX@old@col=\dimen111
\TX@target=\dimen112
\TX@delta=\dimen113
\TX@cols=\count100
\TX@ftn=\toks16
\heavyrulewidth=\dimen114
\lightrulewidth=\dimen115
\cmidrulewidth=\dimen116
\belowrulesep=\dimen117
\belowbottomsep=\dimen118
\aboverulesep=\dimen119
\abovetopsep=\dimen120
\cmidrulesep=\dimen121
\cmidrulekern=\dimen122
\defaultaddspace=\dimen123
\@cmidla=\count101
\@cmidlb=\count102
\@aboverulesep=\dimen124
\@belowrulesep=\dimen125
\@thisruleclass=\count103
\@lastruleclass=\count104
\@thisrulewidth=\dimen126
\ctableftskip=\skip113
\ctabrightskip=\skip114
\abovecolumnspenalty=\count105
\@linestogo=\count106
\@cellstogo=\count107
\@cellsincolumn=\count108
\crtok=\toks17
\@mincolumnwidth=\dimen127
\c@newflo@tctr=\count109
\mem@margin@floatbox=\box26
\@contcwidth=\skip115
\@contindw=\skip116
\abovecaptionskip=\skip117
\belowcaptionskip=\skip118
\subfloattopskip=\skip119
\subfloatcapskip=\skip120
\subfloatcaptopadj=\skip121
\subfloatbottomskip=\skip122
\subfloatlabelskip=\skip123
\subfloatcapmargin=\dimen128
\c@@contsubnum=\count110
\m@mscap@capbox=\box27
\m@mscap@fbox=\box28
\sidecapsep=\dimen129
\sidecapwidth=\dimen130
\m@m@tempdima=\dimen131
\m@mscapraise=\dimen132
\sidecapraise=\dimen133
\m@mscapmainwidth=\dimen134
\m@mscaplkern=\dimen135
\beforeepigraphskip=\skip124
\afterepigraphskip=\skip125
\epigraphwidth=\skip126
\epigraphrule=\skip127
LaTeX Info: Redefining \em on input line 7533.
LaTeX Info: Redefining \emph on input line 7541.
\tocentryskip=\skip128
\tocbaseline=\skip129
\cftparskip=\skip130
\cftbeforebookskip=\skip131
\cftbookindent=\dimen136
\cftbooknumwidth=\dimen137
\cftbeforepartskip=\skip132
\cftpartindent=\skip133
\cftpartnumwidth=\skip134
\cftbeforechapterskip=\skip135
\cftchapterindent=\skip136
\cftchapternumwidth=\skip137
\cftbeforesectionskip=\skip138
\cftsectionindent=\skip139
\cftsectionnumwidth=\skip140
\cftbeforesubsectionskip=\skip141
\cftsubsectionindent=\skip142
\cftsubsectionnumwidth=\skip143
\cftbeforesubsubsectionskip=\skip144
\cftsubsubsectionindent=\skip145
\cftsubsubsectionnumwidth=\skip146
\cftbeforeparagraphskip=\skip147
\cftparagraphindent=\skip148
\cftparagraphnumwidth=\skip149
\cftbeforesubparagraphskip=\skip150
\cftsubparagraphindent=\skip151
\cftsubparagraphnumwidth=\skip152
\prechapterprecisshift=\dimen138
\c@maxsecnumdepth=\count111
\bibindent=\dimen139
\bibitemsep=\skip153
\indexcolsep=\skip154
\indexrule=\skip155
\indexmarkstyle=\toks18
\@indexbox=\insert233
\glossarycolsep=\dimen140
\glossaryrule=\dimen141
\sideparvshift=\skip156
\sideins=\insert232
\sidebartopsep=\skip157
\sidebarhsep=\skip158
\sidebarvsep=\skip159
\sidebarwidth=\skip160
\footmarkwidth=\skip161
\footmarksep=\skip162
\footparindent=\skip163
\footinsdim=\skip164
\footinsv@r=\insert231
\@mpfootinsv@r=\insert230
\m@m@k=\count112
\m@m@h=\dimen142
\m@mipn@skip=\skip165
\sidefootins=\insert229
\sidefootadjust=\skip166
\sidefootheight=\skip167
\sidefoothsep=\skip168
\sidefootvsep=\skip169
\sidefootwidth=\skip170
\m@mdownsf=\skip171
\c@sidefootnote=\count113
\sidefootmarkwidth=\skip172
\sidefootmarksep=\skip173
\sidefootparindent=\skip174
\c@pagenote=\count114
\c@pagenoteshadow=\count115
\mem@pn@lastkern=\skip175
\every@verbatim=\toks19
\afterevery@verbatim=\toks20
\verbatim@line=\toks21
\tab@position=\count116
\verbatim@in@stream=\read1
\verbatimindent=\skip176
\verbatim@out=\write3
\bvboxsep=\skip177
\c@memfbvline=\count117
\c@bvlinectr=\count118
\bvnumlength=\skip178
\fb@frw=\dimen143
\fb@frh=\dimen144
\FrameRule=\dimen145
\FrameSep=\dimen146
\c@cp@cntr=\count119
LaTeX Info: Redefining \: on input line 12050.
LaTeX Info: Redefining \! on input line 12052.
\c@ism@mctr=\count120
\c@xsm@mctr=\count121
\c@csm@mctr=\count122
\c@ksm@mctr=\count123
\c@xksm@mctr=\count124
\c@cksm@mctr=\count125
\c@msm@mctr=\count126
\c@xmsm@mctr=\count127
\c@cmsm@mctr=\count128
\c@bsm@mctr=\count129
\c@workm@mctr=\count130
\c@sheetsequence=\count131
\c@lastsheet=\count132
\c@lastpage=\count133
\c@figure=\count134
\c@lofdepth=\count135
\cftbeforefigureskip=\skip179
\cftfigureindent=\skip180
\cftfigurenumwidth=\skip181
\c@table=\count136
\c@lotdepth=\count137
\cftbeforetableskip=\skip182
\cfttableindent=\skip183
\cfttablenumwidth=\skip184
Package abstract [2008/07/23] emulated by memoir.
Package appendix [2008/07/23] emulated by memoir.
Package array [2008/09/09] emulated by memoir.
Package booktabs [2008/07/23] emulated by memoir.
Package ccaption [2008/07/23] emulated by memoir.
Package changepage [2008/07/23] emulated by memoir.
Package chngcntr [2008/07/23] emulated by memoir.
Package chngpage [2008/07/23] emulated by memoir.
Package crop emulated by memoir.
Package dcolumn [2008/07/23] emulated by memoir.
Package delarray [2008/07/23] emulated by memoir.
Package enumerate [2008/07/23] emulated by memoir.
Package epigraph [2008/07/23] emulated by memoir.
Package ifmtarg [2008/07/23] emulated by memoir.
Package index [2008/07/23] emulated by memoir.
Package makeidx [2008/07/23] emulated by memoir.
Package moreverb [2008/07/23] emulated by memoir.
Package mparhack [2008/07/23] emulated by memoir.
Package needspace [2008/07/23] emulated by memoir.
Package newfile [2008/07/23] emulated by memoir.
Package nextpage [2008/07/23] emulated by memoir.
Package pagenote [2008/07/23] emulated by memoir.
Package parskip [2008/07/23] emulated by memoir.
Package patchcmd [2008/07/23] emulated by memoir.
Package setspace [2008/07/23] emulated by memoir.
Package shortvrb [2008/07/23] emulated by memoir.
Package showidx [2008/07/23] emulated by memoir.
Package tabularx [2008/07/23] emulated by memoir.
Package titleref [2008/07/23] emulated by memoir.
Package titling [2008/07/23] emulated by memoir.
Package tocbibind [2008/07/23] emulated by memoir.
Package tocloft [2008/07/23] emulated by memoir.
Package tocvsec2 [2008/07/23] emulated by memoir.
Package verbatim [2008/07/23] emulated by memoir.
Package verse [2008/07/23] emulated by memoir.

(/usr/local/texlive/2015/texmf-dist/tex/latex/memoir/mempatch.sty
Package: mempatch 2009/07/24 v6.0f Patches for memoir class v1.6180339
))
(./Thesis.sty

LaTeX Warning: You have requested package `Thesis',
               but the package provides `Thesis_final'.

Package: Thesis_final 
(/usr/local/texlive/2015/texmf-dist/tex/latex/graphics/graphicx.sty
Package: graphicx 2014/10/28 v1.0g Enhanced LaTeX Graphics (DPC,SPQR)

(/usr/local/texlive/2015/texmf-dist/tex/latex/graphics/keyval.sty
Package: keyval 2014/10/28 v1.15 key=value parser (DPC)
\KV@toks@=\toks22
)
(/usr/local/texlive/2015/texmf-dist/tex/latex/graphics/graphics.sty
Package: graphics 2014/10/28 v1.0p Standard LaTeX Graphics (DPC,SPQR)

(/usr/local/texlive/2015/texmf-dist/tex/latex/graphics/trig.sty
Package: trig 1999/03/16 v1.09 sin cos tan (DPC)
)
(/usr/local/texlive/2015/texmf-dist/tex/latex/latexconfig/graphics.cfg
File: graphics.cfg 2010/04/23 v1.9 graphics configuration of TeX Live
)
Package graphics Info: Driver file: pdftex.def on input line 94.

(/usr/local/texlive/2015/texmf-dist/tex/latex/pdftex-def/pdftex.def
File: pdftex.def 2011/05/27 v0.06d Graphics/color for pdfTeX

(/usr/local/texlive/2015/texmf-dist/tex/generic/oberdiek/infwarerr.sty
Package: infwarerr 2010/04/08 v1.3 Providing info/warning/error messages (HO)
)
(/usr/local/texlive/2015/texmf-dist/tex/generic/oberdiek/ltxcmds.sty
Package: ltxcmds 2011/11/09 v1.22 LaTeX kernel commands for general use (HO)
)
\Gread@gobject=\count138
))
\Gin@req@height=\dimen147
\Gin@req@width=\dimen148
)
(/usr/local/texlive/2015/texmf-dist/tex/latex/url/url.sty
\Urlmuskip=\muskip10
Package: url 2013/09/16  ver 3.4  Verb mode for urls, etc.
)
(/usr/local/texlive/2015/texmf-dist/tex/latex/xcolor/xcolor.sty
Package: xcolor 2007/01/21 v2.11 LaTeX color extensions (UK)

(/usr/local/texlive/2015/texmf-dist/tex/latex/latexconfig/color.cfg
File: color.cfg 2007/01/18 v1.5 color configuration of teTeX/TeXLive
)
Package xcolor Info: Package option `usenames' ignored on input line 216.
Package xcolor Info: Driver file: pdftex.def on input line 225.
Package xcolor Info: Model `cmy' substituted by `cmy0' on input line 1337.
Package xcolor Info: Model `hsb' substituted by `rgb' on input line 1341.
Package xcolor Info: Model `RGB' extended on input line 1353.
Package xcolor Info: Model `HTML' substituted by `rgb' on input line 1355.
Package xcolor Info: Model `Hsb' substituted by `hsb' on input line 1356.
Package xcolor Info: Model `tHsb' substituted by `hsb' on input line 1357.
Package xcolor Info: Model `HSB' substituted by `hsb' on input line 1358.
Package xcolor Info: Model `Gray' substituted by `gray' on input line 1359.
Package xcolor Info: Model `wave' substituted by `hsb' on input line 1360.

(/usr/local/texlive/2015/texmf-dist/tex/latex/graphics/dvipsnam.def
File: dvipsnam.def 2014/10/14 v3.0j Driver-dependent file (DPC,SPQR)
))
(/usr/local/texlive/2015/texmf-dist/tex/latex/hyperref/hyperref.sty
Package: hyperref 2012/11/06 v6.83m Hypertext links for LaTeX

(/usr/local/texlive/2015/texmf-dist/tex/generic/oberdiek/hobsub-hyperref.sty
Package: hobsub-hyperref 2012/05/28 v1.13 Bundle oberdiek, subset hyperref (HO)


(/usr/local/texlive/2015/texmf-dist/tex/generic/oberdiek/hobsub-generic.sty
Package: hobsub-generic 2012/05/28 v1.13 Bundle oberdiek, subset generic (HO)
Package: hobsub 2012/05/28 v1.13 Construct package bundles (HO)
Package hobsub Info: Skipping package `infwarerr' (already loaded).
Package hobsub Info: Skipping package `ltxcmds' (already loaded).
Package hobsub Info: Skipping package `ifluatex' (already loaded).
Package: ifvtex 2010/03/01 v1.5 Detect VTeX and its facilities (HO)
Package ifvtex Info: VTeX not detected.
Package: intcalc 2007/09/27 v1.1 Expandable calculations with integers (HO)
Package hobsub Info: Skipping package `ifpdf' (already loaded).
Package: etexcmds 2011/02/16 v1.5 Avoid name clashes with e-TeX commands (HO)
Package etexcmds Info: Could not find \expanded.
(etexcmds)             That can mean that you are not using pdfTeX 1.50 or
(etexcmds)             that some package has redefined \expanded.
(etexcmds)             In the latter case, load this package earlier.
Package: kvsetkeys 2012/04/25 v1.16 Key value parser (HO)
Package: kvdefinekeys 2011/04/07 v1.3 Define keys (HO)
Package: pdftexcmds 2011/11/29 v0.20 Utility functions of pdfTeX for LuaTeX (HO
)
Package pdftexcmds Info: LuaTeX not detected.
Package pdftexcmds Info: \pdf@primitive is available.
Package pdftexcmds Info: \pdf@ifprimitive is available.
Package pdftexcmds Info: \pdfdraftmode found.
Package: pdfescape 2011/11/25 v1.13 Implements pdfTeX's escape features (HO)
Package: bigintcalc 2012/04/08 v1.3 Expandable calculations on big integers (HO
)
Package: bitset 2011/01/30 v1.1 Handle bit-vector datatype (HO)
Package: uniquecounter 2011/01/30 v1.2 Provide unlimited unique counter (HO)
)
Package hobsub Info: Skipping package `hobsub' (already loaded).
Package: letltxmacro 2010/09/02 v1.4 Let assignment for LaTeX macros (HO)
Package: hopatch 2012/05/28 v1.2 Wrapper for package hooks (HO)
Package: xcolor-patch 2011/01/30 xcolor patch
Package: atveryend 2011/06/30 v1.8 Hooks at the very end of document (HO)
Package atveryend Info: \enddocument detected (standard20110627).
Package: atbegshi 2011/10/05 v1.16 At begin shipout hook (HO)
Package: refcount 2011/10/16 v3.4 Data extraction from label references (HO)
Package: hycolor 2011/01/30 v1.7 Color options for hyperref/bookmark (HO)
)
(/usr/local/texlive/2015/texmf-dist/tex/latex/oberdiek/auxhook.sty
Package: auxhook 2011/03/04 v1.3 Hooks for auxiliary files (HO)
)
(/usr/local/texlive/2015/texmf-dist/tex/latex/oberdiek/kvoptions.sty
Package: kvoptions 2011/06/30 v3.11 Key value format for package options (HO)
)
\@linkdim=\dimen149
\Hy@linkcounter=\count139
\Hy@pagecounter=\count140

(/usr/local/texlive/2015/texmf-dist/tex/latex/hyperref/pd1enc.def
File: pd1enc.def 2012/11/06 v6.83m Hyperref: PDFDocEncoding definition (HO)
)
\Hy@SavedSpaceFactor=\count141

(/usr/local/texlive/2015/texmf-dist/tex/latex/latexconfig/hyperref.cfg
File: hyperref.cfg 2002/06/06 v1.2 hyperref configuration of TeXLive
)

Package hyperref Warning: Option `a4paper' is no longer used.

Package hyperref Info: Option `plainpages' set `false' on input line 4319.
Package hyperref Info: Hyper figures OFF on input line 4443.
Package hyperref Info: Link nesting OFF on input line 4448.
Package hyperref Info: Hyper index ON on input line 4451.
Package hyperref Info: Plain pages OFF on input line 4458.
Package hyperref Info: Backreferencing ON on input line 4461.
Package hyperref Info: Implicit mode ON; LaTeX internals redefined.
Package hyperref Info: Bookmarks ON on input line 4688.
(/usr/local/texlive/2015/texmf-dist/tex/latex/hyperref/backref.sty
Package: backref 2012/07/25 v1.38 Bibliographical back referencing

(/usr/local/texlive/2015/texmf-dist/tex/latex/oberdiek/rerunfilecheck.sty
Package: rerunfilecheck 2011/04/15 v1.7 Rerun checks for auxiliary files (HO)
Package uniquecounter Info: New unique counter `rerunfilecheck' on input line 2
82.
))
\c@Hy@tempcnt=\count142
LaTeX Info: Redefining \url on input line 5041.
\XeTeXLinkMargin=\dimen150
\Fld@menulength=\count143
\Field@Width=\dimen151
\Fld@charsize=\dimen152
Package hyperref Info: Hyper figures OFF on input line 6295.
Package hyperref Info: Link nesting OFF on input line 6300.
Package hyperref Info: Hyper index ON on input line 6303.
Package hyperref Info: backreferencing ON on input line 6308.
Package hyperref Info: Link coloring OFF on input line 6315.
Package hyperref Info: Link coloring with OCG OFF on input line 6320.
Package hyperref Info: PDF/A mode OFF on input line 6325.
LaTeX Info: Redefining \ref on input line 6365.
LaTeX Info: Redefining \pageref on input line 6369.
\Hy@abspage=\count144
\c@Item=\count145
\c@Hfootnote=\count146
)
(/usr/local/texlive/2015/texmf-dist/tex/latex/memoir/memhfixc.sty
Package: memhfixc 2013/05/30 v1.17 nameref/hyperref package fixes for memoir cl
ass
\c@memhycontfloat=\count147
\c@Hpagenote=\count148
)

Package hyperref Message: Driver (autodetected): hpdftex.

(/usr/local/texlive/2015/texmf-dist/tex/latex/hyperref/hpdftex.def
File: hpdftex.def 2012/11/06 v6.83m Hyperref driver for pdfTeX
\Fld@listcount=\count149
\c@bookmark@seq@number=\count150
\Hy@SectionHShift=\skip185
)

Package hyperref Warning: Option `bookmarks' has already been used,
(hyperref)                setting the option has no effect on input line 24.

Package hyperref Info: Option `colorlinks' set `true' on input line 24.
(/usr/local/texlive/2015/texmf-dist/tex/latex/amscls/amsthm.sty
Package: amsthm 2015/03/04 v2.20.2
\thm@style=\toks23
\thm@bodyfont=\toks24
\thm@headfont=\toks25
\thm@notefont=\toks26
\thm@headpunct=\toks27
\thm@preskip=\skip186
\thm@postskip=\skip187
\thm@headsep=\skip188
\dth@everypar=\toks28
)
(/usr/local/texlive/2015/texmf-dist/tex/latex/amsmath/amsmath.sty
Package: amsmath 2013/01/14 v2.14 AMS math features
\@mathmargin=\skip189

For additional information on amsmath, use the `?' option.
(/usr/local/texlive/2015/texmf-dist/tex/latex/amsmath/amstext.sty
Package: amstext 2000/06/29 v2.01

(/usr/local/texlive/2015/texmf-dist/tex/latex/amsmath/amsgen.sty
File: amsgen.sty 1999/11/30 v2.0
\@emptytoks=\toks29
\ex@=\dimen153
))
(/usr/local/texlive/2015/texmf-dist/tex/latex/amsmath/amsbsy.sty
Package: amsbsy 1999/11/29 v1.2d
\pmbraise@=\dimen154
)
(/usr/local/texlive/2015/texmf-dist/tex/latex/amsmath/amsopn.sty
Package: amsopn 1999/12/14 v2.01 operator names
)
\inf@bad=\count151
LaTeX Info: Redefining \frac on input line 210.
\uproot@=\count152
\leftroot@=\count153
LaTeX Info: Redefining \overline on input line 306.
\classnum@=\count154
\DOTSCASE@=\count155
LaTeX Info: Redefining \ldots on input line 378.
LaTeX Info: Redefining \dots on input line 381.
LaTeX Info: Redefining \cdots on input line 466.
\Mathstrutbox@=\box29
\strutbox@=\box30
\big@size=\dimen155
LaTeX Font Info:    Redeclaring font encoding OML on input line 566.
LaTeX Font Info:    Redeclaring font encoding OMS on input line 567.
\macc@depth=\count156
\c@MaxMatrixCols=\count157
\dotsspace@=\muskip11
\c@parentequation=\count158
\dspbrk@lvl=\count159
\tag@help=\toks30
\row@=\count160
\column@=\count161
\maxfields@=\count162
\andhelp@=\toks31
\eqnshift@=\dimen156
\alignsep@=\dimen157
\tagshift@=\dimen158
\tagwidth@=\dimen159
\totwidth@=\dimen160
\lineht@=\dimen161
\@envbody=\toks32
\multlinegap=\skip190
\multlinetaggap=\skip191
\mathdisplay@stack=\toks33
LaTeX Info: Redefining \[ on input line 2665.
LaTeX Info: Redefining \] on input line 2666.
)
(/usr/local/texlive/2015/texmf-dist/tex/latex/amsfonts/amssymb.sty
Package: amssymb 2013/01/14 v3.01 AMS font symbols

(/usr/local/texlive/2015/texmf-dist/tex/latex/amsfonts/amsfonts.sty
Package: amsfonts 2013/01/14 v3.01 Basic AMSFonts support
\symAMSa=\mathgroup4
\symAMSb=\mathgroup5
LaTeX Font Info:    Overwriting math alphabet `\mathfrak' in version `bold'
(Font)                  U/euf/m/n --> U/euf/b/n on input line 106.
))
(/usr/local/texlive/2015/texmf-dist/tex/generic/xypic/xy.sty
(/usr/local/texlive/2015/texmf-dist/tex/generic/xypic/xy.tex Bootstrap'ing:
catcodes, docmode,
(/usr/local/texlive/2015/texmf-dist/tex/generic/xypic/xyrecat.tex)
(/usr/local/texlive/2015/texmf-dist/tex/generic/xypic/xyidioms.tex)

 Xy-pic version 3.8.9 <2013/10/06>
 Copyright (c) 1991-2013 by Kristoffer H. Rose <krisrose@tug.org> and others
 Xy-pic is free software: see the User's Guide for details.

Loading kernel: messages; fonts; allocations: state,
\X@c=\dimen162
\Y@c=\dimen163
\U@c=\dimen164
\D@c=\dimen165
\L@c=\dimen166
\R@c=\dimen167
\Edge@c=\toks34
\X@p=\dimen168
\Y@p=\dimen169
\U@p=\dimen170
\D@p=\dimen171
\L@p=\dimen172
\R@p=\dimen173
\Edge@p=\toks35
\X@origin=\dimen174
\Y@origin=\dimen175
\X@xbase=\dimen176
\Y@xbase=\dimen177
\X@ybase=\dimen178
\Y@ybase=\dimen179
\X@min=\dimen180
\Y@min=\dimen181
\X@max=\dimen182
\Y@max=\dimen183
\lastobjectbox@=\box31
\zerodotbox@=\box32
\almostz@=\dimen184
 direction,
\d@X=\dimen185
\d@Y=\dimen186
\K@=\count163
\KK@=\count164
\Direction=\count165
\K@dXdY=\dimen187
\K@dYdX=\dimen188
\xyread@=\read2
\xywrite@=\write4
\csp@=\count166
\quotPTK@=\dimen189

utility macros; pictures: \xy, positions,
\swaptoks@@=\toks36
\connectobjectbox@@=\box33
 objects,
\styletoks@=\toks37
 decorations;
kernel objects: directionals, circles, text; options; algorithms: directions,
edges, connections;  Xy-pic loaded)
Package: xy 2013/10/06 Xy-pic version 3.8.9

(/usr/local/texlive/2015/texmf-dist/tex/generic/xypic/xyall.tex
 Xy-pic option: All features v.3.8
(/usr/local/texlive/2015/texmf-dist/tex/generic/xypic/xycurve.tex
 Xy-pic option: Curve and Spline extension v.3.12 curve,
\crv@cnt@=\count167
\crvpts@=\toks38
\splinebox@=\box34
\splineval@=\dimen190
\splinedepth@=\dimen191
\splinetol@=\dimen192
\splinelength@=\dimen193
 circles,
\L@=\dimen194
 loaded)
(/usr/local/texlive/2015/texmf-dist/tex/generic/xypic/xyframe.tex
 Xy-pic option: Frame and Bracket extension v.3.14 loaded)
(/usr/local/texlive/2015/texmf-dist/tex/generic/xypic/xycmtip.tex
 Xy-pic option: Computer Modern tip extension v.3.7
(/usr/local/texlive/2015/texmf-dist/tex/generic/xypic/xytips.tex
 Xy-pic option: More Tips extension v.3.11 loaded) loaded)
(/usr/local/texlive/2015/texmf-dist/tex/generic/xypic/xyline.tex
 Xy-pic option: Line styles extension v.3.10
\xylinethick@=\dimen195
 loaded)
(/usr/local/texlive/2015/texmf-dist/tex/generic/xypic/xyrotate.tex
 Xy-pic option: Rotate and Scale extension v.3.8 loaded)
(/usr/local/texlive/2015/texmf-dist/tex/generic/xypic/xycolor.tex
 Xy-pic option: Colour extension v.3.11 loaded)
(/usr/local/texlive/2015/texmf-dist/tex/generic/xypic/xymatrix.tex
 Xy-pic option: Matrix feature v.3.14
\Row=\count168
\Col=\count169
\queue@=\toks39
\queue@@=\toks40
\qcount@=\count170
\qcount@@=\count171
\matrixsize@=\count172
 loaded)
(/usr/local/texlive/2015/texmf-dist/tex/generic/xypic/xyarrow.tex
 Xy-pic option: Arrow and Path feature v.3.9 path, \ar, loaded)
(/usr/local/texlive/2015/texmf-dist/tex/generic/xypic/xygraph.tex
 Xy-pic option: Graph feature v.3.11 loaded) loaded)
(/usr/local/texlive/2015/texmf-dist/tex/generic/xypic/xypdf.tex
 Xy-pic option: PDF driver v.1.7 Xy-pic pdf driver: `color' extension support
(/usr/local/texlive/2015/texmf-dist/tex/generic/xypic/xypdf-co.tex loaded)
Xy-pic pdf driver: `curve' extension support
(/usr/local/texlive/2015/texmf-dist/tex/generic/xypic/xypdf-cu.tex loaded)
Xy-pic pdf driver: `frame' extension support
(/usr/local/texlive/2015/texmf-dist/tex/generic/xypic/xypdf-fr.tex loaded)
Xy-pic pdf driver: `line' extension support
(/usr/local/texlive/2015/texmf-dist/tex/generic/xypic/xypdf-li.tex loaded)
Xy-pic pdf driver: `rotate' extension support
(/usr/local/texlive/2015/texmf-dist/tex/generic/xypic/xypdf-ro.tex loaded)
loaded)) (/usr/local/texlive/2015/texmf-dist/tex/latex/doublestroke/dsfont.sty
Package: dsfont 1995/08/01 v0.1 Double stroke roman fonts
)

******************************************************
Stock height and width: 845.04684pt by 597.50787pt
Top and edge trims: 0pt and 0pt
Page height and width: 845.04684pt by 597.50787pt
Text height and width: 641.80614pt by 396pt
Spine and edge margins: 119.50157pt and 82.0063pt
Upper and lower margins: 85.35826pt and 117.88245pt
Headheight and headsep: 13pt and 13pt
Footskip: 26pt
Columnsep and columnseprule: 10pt and 0pt
Marginparsep and marginparwidth: 7pt and 68.0063pt
Sidecapsep and sidecapwidth: 7pt and 42pt
Sidebarhsep and sidebarwidth: 7pt and 42pt
Sidebarvsep and sidebartopsep: 14.5pt and 0pt
Sidebarheight: 590.14995pt
Sidefoothsep and sidefootwidth: 7pt and 42pt
Sidefootvsep and sidefootheight: 14.5pt and 590.14995pt
******************************************************

(/usr/local/texlive/2015/texmf-dist/tex/latex/base/fontenc.sty
Package: fontenc 2005/09/27 v1.99g Standard LaTeX package

(/usr/local/texlive/2015/texmf-dist/tex/latex/base/t1enc.def
File: t1enc.def 2005/09/27 v1.99g Standard LaTeX file
LaTeX Font Info:    Redeclaring font encoding T1 on input line 48.
))
(/usr/local/texlive/2015/texmf-dist/tex/latex/lm/lmodern.sty
Package: lmodern 2009/10/30 v1.6 Latin Modern Fonts
LaTeX Font Info:    Overwriting symbol font `operators' in version `normal'
(Font)                  OT1/cmr/m/n --> OT1/lmr/m/n on input line 22.
LaTeX Font Info:    Overwriting symbol font `letters' in version `normal'
(Font)                  OML/cmm/m/it --> OML/lmm/m/it on input line 23.
LaTeX Font Info:    Overwriting symbol font `symbols' in version `normal'
(Font)                  OMS/cmsy/m/n --> OMS/lmsy/m/n on input line 24.
LaTeX Font Info:    Overwriting symbol font `largesymbols' in version `normal'
(Font)                  OMX/cmex/m/n --> OMX/lmex/m/n on input line 25.
LaTeX Font Info:    Overwriting symbol font `operators' in version `bold'
(Font)                  OT1/cmr/bx/n --> OT1/lmr/bx/n on input line 26.
LaTeX Font Info:    Overwriting symbol font `letters' in version `bold'
(Font)                  OML/cmm/b/it --> OML/lmm/b/it on input line 27.
LaTeX Font Info:    Overwriting symbol font `symbols' in version `bold'
(Font)                  OMS/cmsy/b/n --> OMS/lmsy/b/n on input line 28.
LaTeX Font Info:    Overwriting symbol font `largesymbols' in version `bold'
(Font)                  OMX/cmex/m/n --> OMX/lmex/m/n on input line 29.
LaTeX Font Info:    Overwriting math alphabet `\mathbf' in version `normal'
(Font)                  OT1/cmr/bx/n --> OT1/lmr/bx/n on input line 31.
LaTeX Font Info:    Overwriting math alphabet `\mathsf' in version `normal'
(Font)                  OT1/cmss/m/n --> OT1/lmss/m/n on input line 32.
LaTeX Font Info:    Overwriting math alphabet `\mathit' in version `normal'
(Font)                  OT1/cmr/m/it --> OT1/lmr/m/it on input line 33.
LaTeX Font Info:    Overwriting math alphabet `\mathtt' in version `normal'
(Font)                  OT1/cmtt/m/n --> OT1/lmtt/m/n on input line 34.
LaTeX Font Info:    Overwriting math alphabet `\mathbf' in version `bold'
(Font)                  OT1/cmr/bx/n --> OT1/lmr/bx/n on input line 35.
LaTeX Font Info:    Overwriting math alphabet `\mathsf' in version `bold'
(Font)                  OT1/cmss/bx/n --> OT1/lmss/bx/n on input line 36.
LaTeX Font Info:    Overwriting math alphabet `\mathit' in version `bold'
(Font)                  OT1/cmr/bx/it --> OT1/lmr/bx/it on input line 37.
LaTeX Font Info:    Overwriting math alphabet `\mathtt' in version `bold'
(Font)                  OT1/cmtt/m/n --> OT1/lmtt/m/n on input line 38.
)
\c@thm=\count173
\c@Definition=\count174
\c@definition=\count175
\c@assumption=\count176
\c@example=\count177
\c@Example=\count178
\c@remark=\count179
\c@conjecture=\count180
)
(/usr/local/texlive/2015/texmf-dist/tex/latex/algorithms/algorithm.sty
Package: algorithm 2009/08/24 v0.1 Document Style `algorithm' - floating enviro
nment

(/usr/local/texlive/2015/texmf-dist/tex/latex/float/float.sty
Package: float 2001/11/08 v1.3d Float enhancements (AL)
\c@float@type=\count181
\float@exts=\toks41
\float@box=\box35
\@float@everytoks=\toks42
\@floatcapt=\box36
)
(/usr/local/texlive/2015/texmf-dist/tex/latex/base/ifthen.sty
Package: ifthen 2014/09/29 v1.1c Standard LaTeX ifthen package (DPC)
)
\@float@every@algorithm=\toks43
\c@algorithm=\count182
)
(/usr/local/texlive/2015/texmf-dist/tex/latex/algorithms/algorithmic.sty
Package: algorithmic 2009/08/24 v0.1 Document Style `algorithmic'
\c@ALC@unique=\count183
\c@ALC@line=\count184
\c@ALC@rem=\count185
\c@ALC@depth=\count186
\ALC@tlm=\skip192
\algorithmicindent=\skip193
)
(/usr/local/texlive/2015/texmf-dist/tex/latex/multirow/multirow.sty
\bigstrutjot=\dimen196
)
(/usr/local/texlive/2015/texmf-dist/tex/latex/tools/hhline.sty
Package: hhline 2014/10/28 v2.03 Table rule package (DPC)
)
(/usr/local/texlive/2015/texmf-dist/tex/latex/listings/listings.sty
\lst@mode=\count187
\lst@gtempboxa=\box37
\lst@token=\toks44
\lst@length=\count188
\lst@currlwidth=\dimen197
\lst@column=\count189
\lst@pos=\count190
\lst@lostspace=\dimen198
\lst@width=\dimen199
\lst@newlines=\count191
\lst@lineno=\count192
\lst@maxwidth=\dimen200

(/usr/local/texlive/2015/texmf-dist/tex/latex/listings/lstmisc.sty
File: lstmisc.sty 2014/09/06 1.5e (Carsten Heinz)
\c@lstnumber=\count193
\lst@skipnumbers=\count194
\lst@framebox=\box38
)
(/usr/local/texlive/2015/texmf-dist/tex/latex/listings/listings.cfg
File: listings.cfg 2014/09/06 1.5e listings configuration
))
Package: listings 2014/09/06 1.5e (Carsten Heinz)

(/usr/local/texlive/2015/texmf-dist/tex/latex/tools/longtable.sty
Package: longtable 2014/10/28 v4.11 Multi-page Table package (DPC)
\LTleft=\skip194
\LTright=\skip195
\LTpre=\skip196
\LTpost=\skip197
\LTchunksize=\count195
\LTcapwidth=\dimen201
\LT@head=\box39
\LT@firsthead=\box40
\LT@foot=\box41
\LT@lastfoot=\box42
\LT@cols=\count196
\LT@rows=\count197
\c@LT@tables=\count198
\c@LT@chunks=\count199
\LT@p@ftn=\toks45
)
(/usr/local/texlive/2015/texmf-dist/tex/latex/breakurl/breakurl.sty
Package: breakurl 2013/04/10 v1.40 Breakable hyperref URLs

(/usr/local/texlive/2015/texmf-dist/tex/latex/xkeyval/xkeyval.sty
Package: xkeyval 2014/12/03 v2.7a package option processing (HA)

(/usr/local/texlive/2015/texmf-dist/tex/generic/xkeyval/xkeyval.tex
(/usr/local/texlive/2015/texmf-dist/tex/generic/xkeyval/xkvutils.tex
\XKV@toks=\toks46
\XKV@tempa@toks=\toks47
)
\XKV@depth=\count200
File: xkeyval.tex 2014/12/03 v2.7a key=value parser (HA)
))

Package breakurl Warning: You are using breakurl while processing via pdflatex.

(breakurl)                \burl will be just a synonym of \url.
(breakurl)                 on input line 48.

)
Package hyperref Info: Option `colorlinks' set `true' on input line 20.
Package hyperref Info: Option `breaklinks' set `true' on input line 20.
 (./Thesis.aux (./Dedication.aux) (./Declaration.aux) (./Acknowledgement.aux)
(./Abstract.aux) (./Glossary.aux)

LaTeX Warning: Label `fig:fieldliketype' multiply defined.


LaTeX Warning: Label `fig:fieldliketype' multiply defined.


LaTeX Warning: Label `fig:fieldliketype' multiply defined.


LaTeX Warning: Label `fig:outagedistribution' multiply defined.


LaTeX Warning: Label `fig:outagedistribution' multiply defined.


LaTeX Warning: Label `tbl:dt_chi2' multiply defined.

)
\openout1 = `Thesis.aux'.

LaTeX Font Info:    Checking defaults for OML/cmm/m/it on input line 32.
LaTeX Font Info:    ... okay on input line 32.
LaTeX Font Info:    Checking defaults for T1/cmr/m/n on input line 32.
LaTeX Font Info:    ... okay on input line 32.
LaTeX Font Info:    Checking defaults for OT1/cmr/m/n on input line 32.
LaTeX Font Info:    ... okay on input line 32.
LaTeX Font Info:    Checking defaults for OMS/cmsy/m/n on input line 32.
LaTeX Font Info:    ... okay on input line 32.
LaTeX Font Info:    Checking defaults for OMX/cmex/m/n on input line 32.
LaTeX Font Info:    ... okay on input line 32.
LaTeX Font Info:    Checking defaults for U/cmr/m/n on input line 32.
LaTeX Font Info:    ... okay on input line 32.
LaTeX Font Info:    Checking defaults for PD1/pdf/m/n on input line 32.
LaTeX Font Info:    ... okay on input line 32.
LaTeX Font Info:    Try loading font information for T1+lmr on input line 32.
 (/usr/local/texlive/2015/texmf-dist/tex/latex/lm/t1lmr.fd
File: t1lmr.fd 2009/10/30 v1.6 Font defs for Latin Modern
)
(/usr/local/texlive/2015/texmf-dist/tex/context/base/supp-pdf.mkii
[Loading MPS to PDF converter (version 2006.09.02).]
\scratchcounter=\count201
\scratchdimen=\dimen202
\scratchbox=\box43
\nofMPsegments=\count202
\nofMParguments=\count203
\everyMPshowfont=\toks48
\MPscratchCnt=\count204
\MPscratchDim=\dimen203
\MPnumerator=\count205
\makeMPintoPDFobject=\count206
\everyMPtoPDFconversion=\toks49
) (/usr/local/texlive/2015/texmf-dist/tex/latex/oberdiek/epstopdf-base.sty
Package: epstopdf-base 2010/02/09 v2.5 Base part for package epstopdf

(/usr/local/texlive/2015/texmf-dist/tex/latex/oberdiek/grfext.sty
Package: grfext 2010/08/19 v1.1 Manage graphics extensions (HO)
)
Package grfext Info: Graphics extension search list:
(grfext)             [.png,.pdf,.jpg,.mps,.jpeg,.jbig2,.jb2,.PNG,.PDF,.JPG,.JPE
G,.JBIG2,.JB2,.eps]
(grfext)             \AppendGraphicsExtensions on input line 452.

(/usr/local/texlive/2015/texmf-dist/tex/latex/latexconfig/epstopdf-sys.cfg
File: epstopdf-sys.cfg 2010/07/13 v1.3 Configuration of (r)epstopdf for TeX Liv
e
))
\AtBeginShipoutBox=\box44
Package hyperref Info: Link coloring ON on input line 32.

(/usr/local/texlive/2015/texmf-dist/tex/latex/hyperref/nameref.sty
Package: nameref 2012/10/27 v2.43 Cross-referencing by name of section

(/usr/local/texlive/2015/texmf-dist/tex/generic/oberdiek/gettitlestring.sty
Package: gettitlestring 2010/12/03 v1.4 Cleanup title references (HO)
)
\c@section@level=\count207
)
Redoing nameref's sectioning
Redoing nameref's label
LaTeX Info: Redefining \nameref on input line 32.
LaTeX Info: Redefining \ref on input line 32.
LaTeX Info: Redefining \pageref on input line 32.
LaTeX Info: Redefining \nameref on input line 32.
(./Thesis.out) (./Thesis.out)
\@outlinefile=\write5
\openout5 = `Thesis.out'.

LaTeX Font Info:    Try loading font information for OT1+lmr on input line 32.

(/usr/local/texlive/2015/texmf-dist/tex/latex/lm/ot1lmr.fd
File: ot1lmr.fd 2009/10/30 v1.6 Font defs for Latin Modern
)
LaTeX Font Info:    Try loading font information for OML+lmm on input line 32.

(/usr/local/texlive/2015/texmf-dist/tex/latex/lm/omllmm.fd
File: omllmm.fd 2009/10/30 v1.6 Font defs for Latin Modern
)
LaTeX Font Info:    Try loading font information for OMS+lmsy on input line 32.


(/usr/local/texlive/2015/texmf-dist/tex/latex/lm/omslmsy.fd
File: omslmsy.fd 2009/10/30 v1.6 Font defs for Latin Modern
)
LaTeX Font Info:    Try loading font information for OMX+lmex on input line 32.


(/usr/local/texlive/2015/texmf-dist/tex/latex/lm/omxlmex.fd
File: omxlmex.fd 2009/10/30 v1.6 Font defs for Latin Modern
)
LaTeX Font Info:    External font `lmex10' loaded for size
(Font)              <12> on input line 32.
LaTeX Font Info:    External font `lmex10' loaded for size
(Font)              <8> on input line 32.
LaTeX Font Info:    External font `lmex10' loaded for size
(Font)              <6> on input line 32.
LaTeX Font Info:    Try loading font information for U+msa on input line 32.

(/usr/local/texlive/2015/texmf-dist/tex/latex/amsfonts/umsa.fd
File: umsa.fd 2013/01/14 v3.01 AMS symbols A
)
LaTeX Font Info:    Try loading font information for U+msb on input line 32.

(/usr/local/texlive/2015/texmf-dist/tex/latex/amsfonts/umsb.fd
File: umsb.fd 2013/01/14 v3.01 AMS symbols B
)
Package xypdf Info: Line width: 0.39998pt on input line 32.
\c@lstlisting=\count208
Package epstopdf Info: Source file: <images/logo.eps>
(epstopdf)                    date: 2014-10-06 12:27:07
(epstopdf)                    size: 722258 bytes
(epstopdf)             Output file: <images/logo-eps-converted-to.pdf>
(epstopdf)                    date: 2017-03-12 19:11:47
(epstopdf)                    size: 23857 bytes
(epstopdf)             Command: <repstopdf --outfile=images/logo-eps-converted-
to.pdf images/logo.eps>
(epstopdf)             \includegraphics on input line 39.
Package epstopdf Info: Output file is already uptodate.

<images/logo-eps-converted-to.pdf, id=458, 447.6725pt x 236.885pt>
File: images/logo-eps-converted-to.pdf Graphic file (type pdf)

<use images/logo-eps-converted-to.pdf>
Package pdftex.def Info: images/logo-eps-converted-to.pdf used on input line 39
.
(pdftex.def)             Requested size: 284.52756pt x 150.56126pt.


LaTeX Font Warning: Font shape `T1/lmr/bx/sc' undefined
(Font)              using `T1/lmr/bx/n' instead on input line 41.

[1

{/usr/local/texlive/2015/texmf-var/fonts/map/pdftex/updmap/pdftex.map} <./image
s/logo-eps-converted-to.pdf>]
\openout2 = `Dedication.aux'.

 (./Dedication.tex

Class memoir Warning: The material used in the headers is too large
(14.49998pt) for the given head height (13.0pt), it is recommended to
either increase the head height or redesign the header
(in both cases you will find help in the memoir manual). on input line 13.


Overfull \vbox (1.49998pt too high) has occurred while \output is active []


[1


]) (./Thesis.toc
Overfull \vbox (1.49998pt too high) has occurred while \output is active []


[2


]
Overfull \vbox (1.49998pt too high) has occurred while \output is active []


[3]
Overfull \vbox (1.49998pt too high) has occurred while \output is active []


[4])
Overfull \vbox (1.49998pt too high) has occurred while \output is active []


[5] (./Thesis.lot)
Overfull \vbox (1.49998pt too high) has occurred while \output is active []


[6]
Overfull \vbox (1.49998pt too high) has occurred while \output is active []


[7]
\openout2 = `Declaration.aux'.

 (./Declaration.tex [8

])
\openout2 = `Acknowledgement.aux'.

 (./Acknowledgement.tex
Overfull \vbox (1.49998pt too high) has occurred while \output is active []


[9



])
\openout2 = `Abstract.aux'.

 (./Abstract.tex
Overfull \vbox (1.49998pt too high) has occurred while \output is active []


[10



])
\openout2 = `Glossary.aux'.

 (./Glossary.tex

LaTeX Warning: Citation `humble2010continuous' on page xi undefined on input li
ne 19.


LaTeX Warning: Citation `SMEdefine' on page xi undefined on input line 20.


LaTeX Warning: Citation `croll2013lean' on page xi undefined on input line 22.


LaTeX Warning: Citation `ieee1998ieee' on page xi undefined on input line 23.


LaTeX Warning: Citation `ieee1998ieee' on page xi undefined on input line 24.


LaTeX Warning: Citation `ieee1998ieee' on page xi undefined on input line 25.


LaTeX Warning: Citation `ieee1998ieee' on page xi undefined on input line 26.


Overfull \hbox (19.00981pt too wide) in alignment at lines 15--27
 [] [] 
 []


Overfull \vbox (1.49998pt too high) has occurred while \output is active []


[11



]
Overfull \vbox (1.49998pt too high) has occurred while \output is active []


[12]) (./Chapter_Introduction.tex
Overfull \vbox (1.49998pt too high) has occurred while \output is active []

pdfTeX warning (ext4): destination with the same identifier (name{page.1}) has 
been already used, duplicate ignored
<to be read again> 
                   \relax 
l.31 \textbf{Chapter 1: Introduction}
                                      [1




]

LaTeX Warning: Citation `quora2014' on page 2 undefined on input line 61.


Overfull \vbox (1.49998pt too high) has occurred while \output is active []


[2]

LaTeX Warning: Citation `wiki2015bugbounty' on page 3 undefined on input line 6
4.


LaTeX Warning: Citation `bugcrowd2015' on page 3 undefined on input line 64.


LaTeX Warning: Citation `Knuth2015' on page 3 undefined on input line 66.


LaTeX Warning: Citation `Bernstein2015' on page 3 undefined on input line 66.


Overfull \vbox (1.49998pt too high) has occurred while \output is active []


[3]

LaTeX Warning: Citation `harrison2006eating' on page 4 undefined on input line 
72.


LaTeX Warning: Citation `moskowitz2003eat' on page 4 undefined on input line 74
.


LaTeX Warning: Citation `schmidt2005google' on page 4 undefined on input line 7
6.


LaTeX Warning: Citation `prlic2012ten' on page 4 undefined on input line 78.


LaTeX Warning: Citation `jackson2012eating' on page 4 undefined on input line 8
0.


LaTeX Warning: Citation `wikiCI' on page 4 undefined on input line 80.


LaTeX Warning: Citation `crowdsourcedef' on page 4 undefined on input line 85.


LaTeX Warning: Citation `nebeling2012crowdsourced' on page 4 undefined on input
 line 87.


Overfull \vbox (1.49998pt too high) has occurred while \output is active []


[4]

LaTeX Warning: Citation `Vukovic2009crowdsourcing' on page 5 undefined on input
 line 89.


LaTeX Warning: Citation `liu2012crowdsourcing' on page 5 undefined on input lin
e 91.


LaTeX Warning: Citation `zogaj2014managing' on page 5 undefined on input line 9
3.


LaTeX Warning: Citation `brooks2009initial' on page 5 undefined on input line 9
9.


LaTeX Warning: Citation `moritz2009case' on page 5 undefined on input line 101.



Overfull \vbox (1.49998pt too high) has occurred while \output is active []


[5]

LaTeX Warning: Citation `gittens2002empirical' on page 6 undefined on input lin
e 103.


LaTeX Warning: Citation `musa1996software' on page 6 undefined on input line 10
5.


LaTeX Warning: Citation `sullivan1992comparison' on page 6 undefined on input l
ine 107.


LaTeX Warning: Citation `adams1984optimizing' on page 6 undefined on input line
 109.


Overfull \vbox (1.49998pt too high) has occurred while \output is active []


[6]

LaTeX Warning: Citation `riungu2010research' on page 7 undefined on input line 
111.

) (./Chapter_Social_Testing.tex
Overfull \vbox (1.49998pt too high) has occurred while \output is active []


[7]

LaTeX Warning: Citation `eurocom2014sme' on page 8 undefined on input line 26.


LaTeX Warning: Citation `eurocom2014sme' on page 8 undefined on input line 26.


LaTeX Warning: Citation `humble2010continuous' on page 8 undefined on input lin
e 26.


LaTeX Warning: Citation `olsson2012climbing' on page 8 undefined on input line 
26.


Overfull \vbox (1.49998pt too high) has occurred while \output is active []


[8

]
Overfull \vbox (1.49998pt too high) has occurred while \output is active []


[9]

LaTeX Warning: Citation `europa2016sme' on page 10 undefined on input line 35.


LaTeX Warning: Citation `europa2016sme' on page 10 undefined on input line 35.


LaTeX Warning: Citation `pusatli2011discussion' on page 10 undefined on input l
ine 37.


LaTeX Warning: Citation `europa2016sme' on page 10 undefined on input line 37.


LaTeX Warning: Citation `wikidogfood' on page 10 undefined on input line 39.


LaTeX Warning: Citation `forbesdogfood' on page 10 undefined on input line 39.


LaTeX Warning: Citation `forbesyahoodogfood' on page 10 undefined on input line
 39.


Overfull \vbox (1.49998pt too high) has occurred while \output is active []


[10]
Overfull \vbox (1.49998pt too high) has occurred while \output is active []


[11]
Overfull \vbox (1.49998pt too high) has occurred while \output is active []


[12] <graphs/social_test/graph1.pdf, id=747, 476.78125pt x 218.8175pt>
File: graphs/social_test/graph1.pdf Graphic file (type pdf)

<use graphs/social_test/graph1.pdf>
Package pdftex.def Info: graphs/social_test/graph1.pdf used on input line 91.
(pdftex.def)             Requested size: 398.36191pt x 142.2664pt.

Overfull \hbox (2.36191pt too wide) in paragraph at lines 91--92
 [] 
 []


Overfull \vbox (1.49998pt too high) has occurred while \output is active []


[13pdfTeX warning (ext4): destination with the same identifier (name{table.2.1}
) has been already used, duplicate ignored

\AtBegShi@Output ...ipout \box \AtBeginShipoutBox 
                                                  \fi \fi 
l.113 
      ] <graphs/social_test/graph2.pdf, id=756, 481.8pt x 250.9375pt>
File: graphs/social_test/graph2.pdf Graphic file (type pdf)

<use graphs/social_test/graph2.pdf>
Package pdftex.def Info: graphs/social_test/graph2.pdf used on input line 120.
(pdftex.def)             Requested size: 398.35004pt x 142.27005pt.

Overfull \hbox (2.35004pt too wide) in paragraph at lines 120--121
 [] 
 []


LaTeX Warning: No positions in optional float specifier.
               Default added (so using `tbp') on input line 127.


Overfull \vbox (1.49998pt too high) has occurred while \output is active []


[14pdfTeX warning (ext4): destination with the same identifier (name{figure.2.1
}) has been already used, duplicate ignored

\AtBegShi@Output ...ipout \box \AtBeginShipoutBox 
                                                  \fi \fi 
l.137 
      pdfTeX warning (ext4): destination with the same identifier (name{figure.
2.2}) has been already used, duplicate ignored

\AtBegShi@Output ...ipout \box \AtBeginShipoutBox 
                                                  \fi \fi 
l.137 
       <./graphs/social_test/graph1.pdf> <./graphs/social_test/graph2.pdf>]
<graphs/social_test/graph3.pdf, id=801, 482.80376pt x 219.82124pt>
File: graphs/social_test/graph3.pdf Graphic file (type pdf)

<use graphs/social_test/graph3.pdf>
Package pdftex.def Info: graphs/social_test/graph3.pdf used on input line 144.
(pdftex.def)             Requested size: 398.35486pt x 142.26828pt.

Overfull \hbox (2.35486pt too wide) in paragraph at lines 144--145
 [] 
 []


Overfull \vbox (1.49998pt too high) has occurred while \output is active []


[15pdfTeX warning (ext4): destination with the same identifier (name{table.2.2}
) has been already used, duplicate ignored

\AtBegShi@Output ...ipout \box \AtBeginShipoutBox 
                                                  \fi \fi 
l.161 \subsection
                 {Results - defect type}pdfTeX warning (ext4): destination with
 the same identifier (name{table.2.3}) has been already used, duplicate ignored


\AtBegShi@Output ...ipout \box \AtBeginShipoutBox 
                                                  \fi \fi 
l.161 \subsection
                 {Results - defect type}pdfTeX warning (ext4): destination with
 the same identifier (name{figure.2.3}) has been already used, duplicate ignore
d

\AtBegShi@Output ...ipout \box \AtBeginShipoutBox 
                                                  \fi \fi 
l.161 \subsection
                 {Results - defect type} <./graphs/social_test/graph3.pdf>]
<graphs/social_test/graph4.pdf, id=826, 481.8pt x 218.8175pt>
File: graphs/social_test/graph4.pdf Graphic file (type pdf)

<use graphs/social_test/graph4.pdf>
Package pdftex.def Info: graphs/social_test/graph4.pdf used on input line 167.
(pdftex.def)             Requested size: 398.35004pt x 142.2664pt.

Overfull \hbox (2.35004pt too wide) in paragraph at lines 167--168
 [] 
 []


Overfull \vbox (1.49998pt too high) has occurred while \output is active []


[16pdfTeX warning (ext4): destination with the same identifier (name{table.2.4}
) has been already used, duplicate ignored

\AtBegShi@Output ...ipout \box \AtBeginShipoutBox 
                                                  \fi \fi 
l.187 ...ur, which impacted the wider system. \par
                                                  pdfTeX warning (ext4): destin
ation with the same identifier (name{table.2.5}) has been already used, duplica
te ignored

\AtBegShi@Output ...ipout \box \AtBeginShipoutBox 
                                                  \fi \fi 
l.187 ...ur, which impacted the wider system. \par
                                                  pdfTeX warning (ext4): destin
ation with the same identifier (name{figure.2.4}) has been already used, duplic
ate ignored

\AtBegShi@Output ...ipout \box \AtBeginShipoutBox 
                                                  \fi \fi 
l.187 ...ur, which impacted the wider system. \par
                                                   <./graphs/social_test/graph4
.pdf>]
Overfull \vbox (1.49998pt too high) has occurred while \output is active []


[17pdfTeX warning (ext4): destination with the same identifier (name{table.2.6}
) has been already used, duplicate ignored

\AtBegShi@Output ...ipout \box \AtBeginShipoutBox 
                                                  \fi \fi 
l.194 F
       ig. 2 and TABLE II highlight that, at a component level approximately...
pdfTeX warning (ext4): destination with the same identifier (name{table.2.7}) h
as been already used, duplicate ignored

\AtBegShi@Output ...ipout \box \AtBeginShipoutBox 
                                                  \fi \fi 
l.194 F
       ig. 2 and TABLE II highlight that, at a component level approximately...
]
Overfull \vbox (1.49998pt too high) has occurred while \output is active []


[18]
Overfull \vbox (1.49998pt too high) has occurred while \output is active []


[19]

LaTeX Warning: Citation `ref1' on page 20 undefined on input line 222.


Overfull \vbox (1.49998pt too high) has occurred while \output is active []


[20]

LaTeX Warning: Citation `sullivan1991software' on page 21 undefined on input li
ne 226.


LaTeX Warning: Citation `boehm2005software' on page 21 undefined on input line 
226.


Overfull \vbox (1.49998pt too high) has occurred while \output is active []


[21]

LaTeX Warning: Citation `klutke2003critical' on page 22 undefined on input line
 243.


LaTeX Warning: Citation `wikipediabathtub' on page 22 undefined on input line 2
43.


Overfull \vbox (1.49998pt too high) has occurred while \output is active []


[22] <graphs/dogfood/Graph1.png, id=876, 481.8pt x 192.72pt>
File: graphs/dogfood/Graph1.png Graphic file (type png)

<use graphs/dogfood/Graph1.png>
Package pdftex.def Info: graphs/dogfood/Graph1.png used on input line 262.
(pdftex.def)             Requested size: 398.35004pt x 142.26355pt.

Overfull \hbox (2.35004pt too wide) in paragraph at lines 262--263
 [] 
 []

<graphs/dogfood/Graph2.png, id=878, 481.8pt x 192.72pt>
File: graphs/dogfood/Graph2.png Graphic file (type png)

<use graphs/dogfood/Graph2.png>
Package pdftex.def Info: graphs/dogfood/Graph2.png used on input line 273.
(pdftex.def)             Requested size: 398.35004pt x 142.26355pt.

Overfull \hbox (2.35004pt too wide) in paragraph at lines 273--274
 [] 
 []

<graphs/dogfood/Graph3.png, id=879, 481.8pt x 192.72pt>
File: graphs/dogfood/Graph3.png Graphic file (type png)

<use graphs/dogfood/Graph3.png>
Package pdftex.def Info: graphs/dogfood/Graph3.png used on input line 285.
(pdftex.def)             Requested size: 398.35004pt x 142.26355pt.

Overfull \hbox (2.35004pt too wide) in paragraph at lines 285--286
 [] 
 []

<graphs/dogfood/Graph4.png, id=880, 481.8pt x 192.72pt>
File: graphs/dogfood/Graph4.png Graphic file (type png)

<use graphs/dogfood/Graph4.png>
Package pdftex.def Info: graphs/dogfood/Graph4.png used on input line 298.
(pdftex.def)             Requested size: 398.35004pt x 142.26355pt.

Overfull \hbox (2.35004pt too wide) in paragraph at lines 298--299
 [] 
 []


Overfull \vbox (1.49998pt too high) has occurred while \output is active []


[23pdfTeX warning (ext4): destination with the same identifier (name{figure.2.5
}) has been already used, duplicate ignored

\AtBegShi@Output ...ipout \box \AtBeginShipoutBox 
                                                  \fi \fi 
l.309 
       <./graphs/dogfood/Graph1.png>]
Overfull \vbox (1.49998pt too high) has occurred while \output is active []


[24pdfTeX warning (ext4): destination with the same identifier (name{figure.2.6
}) has been already used, duplicate ignored

\AtBegShi@Output ...ipout \box \AtBeginShipoutBox 
                                                  \fi \fi 
l.309 
      pdfTeX warning (ext4): destination with the same identifier (name{figure.
2.7}) has been already used, duplicate ignored

\AtBegShi@Output ...ipout \box \AtBeginShipoutBox 
                                                  \fi \fi 
l.309 
      pdfTeX warning (ext4): destination with the same identifier (name{figure.
2.8}) has been already used, duplicate ignored

\AtBegShi@Output ...ipout \box \AtBeginShipoutBox 
                                                  \fi \fi 
l.309 
       <./graphs/dogfood/Graph2.png> <./graphs/dogfood/Graph3.png> <./graphs/do
gfood/Graph4.png>] <graphs/dogfood/Graph5.png, id=898, 481.8pt x 192.72pt>
File: graphs/dogfood/Graph5.png Graphic file (type png)

<use graphs/dogfood/Graph5.png>
Package pdftex.def Info: graphs/dogfood/Graph5.png used on input line 312.
(pdftex.def)             Requested size: 398.35004pt x 142.26355pt.

Overfull \hbox (2.35004pt too wide) in paragraph at lines 312--313
 [] 
 []

<graphs/dogfood/Graph6.png, id=899, 481.8pt x 192.72pt>
File: graphs/dogfood/Graph6.png Graphic file (type png)

<use g