This is pdfTeX, Version 3.14159265-2.6-1.40.15 (TeX Live 2014) (preloaded format=pdflatex 2015.6.1)  7 AUG 2015 20:52
entering extended mode
 restricted \write18 enabled.
 file:line:error style messages enabled.
 %&-line parsing enabled.
**bare_conf.tex
(./bare_conf.tex
LaTeX2e <2014/05/01>
Babel <3.9k> and hyphenation patterns for 78 languages loaded.
(/usr/local/texlive/2014/texmf-dist/tex/latex/IEEEtran/IEEEtran.cls
Document Class: IEEEtran 2012/12/27 V1.8 by Michael Shell
-- See the "IEEEtran_HOWTO" manual for usage information.
-- http://www.michaelshell.org/tex/ieeetran/
\@IEEEtrantmpdimenA=\dimen102
\@IEEEtrantmpdimenB=\dimen103
\@IEEEtrantmpcountA=\count79
\@IEEEtrantmpcountB=\count80
\@IEEEtrantmptoksA=\toks14
LaTeX Font Info:    Try loading font information for OT1+ptm on input line 368.

(/usr/local/texlive/2014/texmf-dist/tex/latex/psnfss/ot1ptm.fd
File: ot1ptm.fd 2001/06/04 font definitions for OT1/ptm.
)
-- Using 8.5in x 11in (letter) paper.
-- Using PDF output.
\@IEEEnormalsizeunitybaselineskip=\dimen104
-- This is a 10 point document.
\CLASSINFOnormalsizebaselineskip=\dimen105
\CLASSINFOnormalsizeunitybaselineskip=\dimen106
\IEEEnormaljot=\dimen107
LaTeX Font Info:    Font shape `OT1/ptm/bx/n' in size <5> not available
(Font)              Font shape `OT1/ptm/b/n' tried instead on input line 726.
LaTeX Font Info:    Font shape `OT1/ptm/bx/it' in size <5> not available
(Font)              Font shape `OT1/ptm/b/it' tried instead on input line 726.
LaTeX Font Info:    Font shape `OT1/ptm/bx/n' in size <7> not available
(Font)              Font shape `OT1/ptm/b/n' tried instead on input line 726.
LaTeX Font Info:    Font shape `OT1/ptm/bx/it' in size <7> not available
(Font)              Font shape `OT1/ptm/b/it' tried instead on input line 726.
LaTeX Font Info:    Font shape `OT1/ptm/bx/n' in size <8> not available
(Font)              Font shape `OT1/ptm/b/n' tried instead on input line 726.
LaTeX Font Info:    Font shape `OT1/ptm/bx/it' in size <8> not available
(Font)              Font shape `OT1/ptm/b/it' tried instead on input line 726.
LaTeX Font Info:    Font shape `OT1/ptm/bx/n' in size <9> not available
(Font)              Font shape `OT1/ptm/b/n' tried instead on input line 726.
LaTeX Font Info:    Font shape `OT1/ptm/bx/it' in size <9> not available
(Font)              Font shape `OT1/ptm/b/it' tried instead on input line 726.
LaTeX Font Info:    Font shape `OT1/ptm/bx/n' in size <10> not available
(Font)              Font shape `OT1/ptm/b/n' tried instead on input line 726.
LaTeX Font Info:    Font shape `OT1/ptm/bx/it' in size <10> not available
(Font)              Font shape `OT1/ptm/b/it' tried instead on input line 726.
LaTeX Font Info:    Font shape `OT1/ptm/bx/n' in size <11> not available
(Font)              Font shape `OT1/ptm/b/n' tried instead on input line 726.
LaTeX Font Info:    Font shape `OT1/ptm/bx/it' in size <11> not available
(Font)              Font shape `OT1/ptm/b/it' tried instead on input line 726.
LaTeX Font Info:    Font shape `OT1/ptm/bx/n' in size <12> not available
(Font)              Font shape `OT1/ptm/b/n' tried instead on input line 726.
LaTeX Font Info:    Font shape `OT1/ptm/bx/it' in size <12> not available
(Font)              Font shape `OT1/ptm/b/it' tried instead on input line 726.
LaTeX Font Info:    Font shape `OT1/ptm/bx/n' in size <17> not available
(Font)              Font shape `OT1/ptm/b/n' tried instead on input line 726.
LaTeX Font Info:    Font shape `OT1/ptm/bx/it' in size <17> not available
(Font)              Font shape `OT1/ptm/b/it' tried instead on input line 726.
LaTeX Font Info:    Font shape `OT1/ptm/bx/n' in size <20> not available
(Font)              Font shape `OT1/ptm/b/n' tried instead on input line 726.
LaTeX Font Info:    Font shape `OT1/ptm/bx/it' in size <20> not available
(Font)              Font shape `OT1/ptm/b/it' tried instead on input line 726.
LaTeX Font Info:    Font shape `OT1/ptm/bx/n' in size <24> not available
(Font)              Font shape `OT1/ptm/b/n' tried instead on input line 726.
LaTeX Font Info:    Font shape `OT1/ptm/bx/it' in size <24> not available
(Font)              Font shape `OT1/ptm/b/it' tried instead on input line 726.
\IEEEilabelindentA=\dimen108
\IEEEilabelindentB=\dimen109
\IEEEilabelindent=\dimen110
\IEEEelabelindent=\dimen111
\IEEEdlabelindent=\dimen112
\IEEElabelindent=\dimen113
\IEEEiednormlabelsep=\dimen114
\IEEEiedmathlabelsep=\dimen115
\IEEEiedtopsep=\skip41
\c@section=\count81
\c@subsection=\count82
\c@subsubsection=\count83
\c@paragraph=\count84
\c@IEEEsubequation=\count85
\abovecaptionskip=\skip42
\belowcaptionskip=\skip43
\c@figure=\count86
\c@table=\count87
\@IEEEeqnnumcols=\count88
\@IEEEeqncolcnt=\count89
\@IEEEsubeqnnumrollback=\count90
\@IEEEtmpitemindent=\dimen116
\c@IEEEbiography=\count91
\@IEEEtranrubishbin=\box26
) (/usr/local/texlive/2014/texmf-dist/tex/latex/graphics/graphicx.sty
Package: graphicx 2014/04/25 v1.0g Enhanced LaTeX Graphics (DPC,SPQR)

(/usr/local/texlive/2014/texmf-dist/tex/latex/graphics/keyval.sty
Package: keyval 2014/05/08 v1.15 key=value parser (DPC)
\KV@toks@=\toks15
)
(/usr/local/texlive/2014/texmf-dist/tex/latex/graphics/graphics.sty
Package: graphics 2009/02/05 v1.0o Standard LaTeX Graphics (DPC,SPQR)

(/usr/local/texlive/2014/texmf-dist/tex/latex/graphics/trig.sty
Package: trig 1999/03/16 v1.09 sin cos tan (DPC)
)
(/usr/local/texlive/2014/texmf-dist/tex/latex/latexconfig/graphics.cfg
File: graphics.cfg 2010/04/23 v1.9 graphics configuration of TeX Live
)
Package graphics Info: Driver file: pdftex.def on input line 91.

(/usr/local/texlive/2014/texmf-dist/tex/latex/pdftex-def/pdftex.def
File: pdftex.def 2011/05/27 v0.06d Graphics/color for pdfTeX

(/usr/local/texlive/2014/texmf-dist/tex/generic/oberdiek/infwarerr.sty
Package: infwarerr 2010/04/08 v1.3 Providing info/warning/error messages (HO)
)
(/usr/local/texlive/2014/texmf-dist/tex/generic/oberdiek/ltxcmds.sty
Package: ltxcmds 2011/11/09 v1.22 LaTeX kernel commands for general use (HO)
)
\Gread@gobject=\count92
))
\Gin@req@height=\dimen117
\Gin@req@width=\dimen118
)
(./bare_conf.aux

LaTeX Warning: Label `IEEEhowto:kopka' multiply defined.


LaTeX Warning: Label `IEEEhowto:kopka' multiply defined.


LaTeX Warning: Label `IEEEhowto:kopka' multiply defined.


LaTeX Warning: Label `IEEEhowto:kopka' multiply defined.


LaTeX Warning: Label `IEEEhowto:kopka' multiply defined.


LaTeX Warning: Label `IEEEhowto:kopka' multiply defined.


LaTeX Warning: Label `IEEEhowto:kopka' multiply defined.


LaTeX Warning: Label `IEEEhowto:kopka' multiply defined.


LaTeX Warning: Label `IEEEhowto:kopka' multiply defined.


LaTeX Warning: Label `IEEEhowto:kopka' multiply defined.


LaTeX Warning: Label `IEEEhowto:kopka' multiply defined.


LaTeX Warning: Label `IEEEhowto:kopka' multiply defined.


LaTeX Warning: Label `IEEEhowto:kopka' multiply defined.


LaTeX Warning: Label `IEEEhowto:kopka' multiply defined.

)
\openout1 = `bare_conf.aux'.

LaTeX Font Info:    Checking defaults for OML/cmm/m/it on input line 351.
LaTeX Font Info:    ... okay on input line 351.
LaTeX Font Info:    Checking defaults for T1/cmr/m/n on input line 351.
LaTeX Font Info:    ... okay on input line 351.
LaTeX Font Info:    Checking defaults for OT1/cmr/m/n on input line 351.
LaTeX Font Info:    ... okay on input line 351.
LaTeX Font Info:    Checking defaults for OMS/cmsy/m/n on input line 351.
LaTeX Font Info:    ... okay on input line 351.
LaTeX Font Info:    Checking defaults for OMX/cmex/m/n on input line 351.
LaTeX Font Info:    ... okay on input line 351.
LaTeX Font Info:    Checking defaults for U/cmr/m/n on input line 351.
LaTeX Font Info:    ... okay on input line 351.
 (/usr/local/texlive/2014/texmf-dist/tex/context/base/supp-pdf.mkii
[Loading MPS to PDF converter (version 2006.09.02).]
\scratchcounter=\count93
\scratchdimen=\dimen119
\scratchbox=\box27
\nofMPsegments=\count94
\nofMParguments=\count95
\everyMPshowfont=\toks16
\MPscratchCnt=\count96
\MPscratchDim=\dimen120
\MPnumerator=\count97
\makeMPintoPDFobject=\count98
\everyMPtoPDFconversion=\toks17
) (/usr/local/texlive/2014/texmf-dist/tex/generic/oberdiek/pdftexcmds.sty
Package: pdftexcmds 2011/11/29 v0.20 Utility functions of pdfTeX for LuaTeX (HO
)

(/usr/local/texlive/2014/texmf-dist/tex/generic/oberdiek/ifluatex.sty
Package: ifluatex 2010/03/01 v1.3 Provides the ifluatex switch (HO)
Package ifluatex Info: LuaTeX not detected.
)
(/usr/local/texlive/2014/texmf-dist/tex/generic/oberdiek/ifpdf.sty
Package: ifpdf 2011/01/30 v2.3 Provides the ifpdf switch (HO)
Package ifpdf Info: pdfTeX in PDF mode is detected.
)
Package pdftexcmds Info: LuaTeX not detected.
Package pdftexcmds Info: \pdf@primitive is available.
Package pdftexcmds Info: \pdf@ifprimitive is available.
Package pdftexcmds Info: \pdfdraftmode found.
)
(/usr/local/texlive/2014/texmf-dist/tex/latex/oberdiek/epstopdf-base.sty
Package: epstopdf-base 2010/02/09 v2.5 Base part for package epstopdf

(/usr/local/texlive/2014/texmf-dist/tex/latex/oberdiek/grfext.sty
Package: grfext 2010/08/19 v1.1 Manage graphics extensions (HO)

(/usr/local/texlive/2014/texmf-dist/tex/generic/oberdiek/kvdefinekeys.sty
Package: kvdefinekeys 2011/04/07 v1.3 Define keys (HO)
))
(/usr/local/texlive/2014/texmf-dist/tex/latex/oberdiek/kvoptions.sty
Package: kvoptions 2011/06/30 v3.11 Key value format for package options (HO)

(/usr/local/texlive/2014/texmf-dist/tex/generic/oberdiek/kvsetkeys.sty
Package: kvsetkeys 2012/04/25 v1.16 Key value parser (HO)

(/usr/local/texlive/2014/texmf-dist/tex/generic/oberdiek/etexcmds.sty
Package: etexcmds 2011/02/16 v1.5 Avoid name clashes with e-TeX commands (HO)
Package etexcmds Info: Could not find \expanded.
(etexcmds)             That can mean that you are not using pdfTeX 1.50 or
(etexcmds)             that some package has redefined \expanded.
(etexcmds)             In the latter case, load this package earlier.
)))
Package grfext Info: Graphics extension search list:
(grfext)             [.png,.pdf,.jpg,.mps,.jpeg,.jbig2,.jb2,.PNG,.PDF,.JPG,.JPE
G,.JBIG2,.JB2,.eps]
(grfext)             \AppendGraphicsExtensions on input line 452.

(/usr/local/texlive/2014/texmf-dist/tex/latex/latexconfig/epstopdf-sys.cfg
File: epstopdf-sys.cfg 2010/07/13 v1.3 Configuration of (r)epstopdf for TeX Liv
e
))

LaTeX Warning: No \author given.


LaTeX Warning: No \author given.

[1{/usr/local/texlive/2014/texmf-var/fonts/map/pdftex/updmap/pdftex.map}


]
LaTeX Font Info:    External font `cmex10' loaded for size
(Font)              <7> on input line 483.
LaTeX Font Info:    External font `cmex10' loaded for size
(Font)              <5> on input line 483.

[2] [3] <graphs/graph1.jpg, id=17, 418.56375pt x 165.61874pt>
File: graphs/graph1.jpg Graphic file (type jpg)

<use graphs/graph1.jpg>
Package pdftex.def Info: graphs/graph1.jpg used on input line 533.
(pdftex.def)             Requested size: 252.0pt x 99.71063pt.
 <graphs/graph2.jpg, id=18, 418.56375pt x 159.59625pt>
File: graphs/graph2.jpg Graphic file (type jpg)

<use graphs/graph2.jpg>
Package pdftex.def Info: graphs/graph2.jpg used on input line 558.
(pdftex.def)             Requested size: 252.0pt x 96.0848pt.
 <graphs/graph3.jpg, id=19, 418.56375pt x 145.54375pt>
File: graphs/graph3.jpg Graphic file (type jpg)

<use graphs/graph3.jpg>
Package pdftex.def Info: graphs/graph3.jpg used on input line 583.
(pdftex.def)             Requested size: 252.0pt x 87.6245pt.
 [4 <./graphs/graph1.jpg> <./graphs/graph2.jpg> <./graphs/graph3.jpg>] <graphs/
graph4.jpg, id=23, 418.56375pt x 139.52126pt>
File: graphs/graph4.jpg Graphic file (type jpg)

<use graphs/graph4.jpg>
Package pdftex.def Info: graphs/graph4.jpg used on input line 605.
(pdftex.def)             Requested size: 252.0pt x 83.99866pt.
LaTeX Font Info:    Try loading font information for OMS+ptm on input line 634.


(/usr/local/texlive/2014/texmf-dist/tex/latex/psnfss/omsptm.fd
File: omsptm.fd 
)
LaTeX Font Info:    Font shape `OMS/ptm/m/n' in size <10> not available
(Font)              Font shape `OMS/cmsy/m/n' tried instead on input line 634.
 [5 <./graphs/graph4.jpg>] [6]
Underfull \hbox (badness 10000) in paragraph at lines 784--785
[]\OT1/ptm/m/n/8 Ec.europa.eu \OT1/ptm/m/it/8 http://ec.europa.eu/growth/smes/b
usiness-friendly-
 []


Underfull \hbox (badness 10000) in paragraph at lines 784--785
\OT1/ptm/m/it/8 environment/performance-review/files/annual-report/infographics
[]en.pdf
 []


Underfull \hbox (badness 10000) in paragraph at lines 793--794
[]\OT1/ptm/m/n/8 Quora.com \OT1/ptm/m/it/8 http://www.quora.com/What-are-the-be
st-examples-of-
 []


Underfull \hbox (badness 10000) in paragraph at lines 796--797
[]\OT1/ptm/m/n/8 Wikipedia.org \OT1/ptm/m/it/8 http://en.wikipedia.org/wiki/Bug
[]bounty[]program \OT1/ptm/m/n/8 July
 []


** Conference Paper **
Before submitting the final camera ready copy, remember to:

 1. Manually equalize the lengths of two columns on the last page
 of your paper;

 2. Ensure that any PostScript and/or PDF output post-processing
 uses only Type 1 fonts and that every step in the generation
 process uses the appropriate paper size.

[7

] (./bare_conf.aux)

LaTeX Warning: There were multiply-defined labels.

 ) 
Here is how much of TeX's memory you used:
 2214 strings out of 493117
 35898 string characters out of 6135434
 103299 words of memory out of 5000000
 5674 multiletter control sequences out of 15000+600000
 33065 words of font info for 62 fonts, out of 8000000 for 9000
 1144 hyphenation exceptions out of 8191
 37i,8n,23p,1616b,257s stack positions out of 5000i,500n,10000p,200000b,80000s
{/usr/local/texlive/2014/texmf-dist/fonts/enc/dvips/base/8r.enc}</usr/local/t
exlive/2014/texmf-dist/fonts/type1/public/amsfonts/cm/cmsy10.pfb></usr/local/te
xlive/2014/texmf-dist/fonts/type1/public/amsfonts/cm/cmsy7.pfb></usr/local/texl
ive/2014/texmf-dist/fonts/type1/urw/times/utmb8a.pfb></usr/local/texlive/2014/t
exmf-dist/fonts/type1/urw/times/utmbi8a.pfb></usr/local/texlive/2014/texmf-dist
/fonts/type1/urw/times/utmr8a.pfb></usr/local/texlive/2014/texmf-dist/fonts/typ
e1/urw/times/utmri8a.pfb>
Output written on bare_conf.pdf (7 pages, 165740 bytes).
PDF statistics:
 57 PDF objects out of 1000 (max. 8388607)
 37 compressed objects within 1 object stream
 0 named destinations out of 1000 (max. 500000)
 21 words of extra memory for PDF output out of 10000 (max. 10000000)

