This is pdfTeX, Version 3.14159265-2.6-1.40.15 (TeX Live 2014) (preloaded format=pdflatex 2015.6.1)  5 FEB 2016 15:30
entering extended mode
 restricted \write18 enabled.
 file:line:error style messages enabled.
 %&-line parsing enabled.
**are_you_being_served_v0.3.tex
(./are_you_being_served_v0.3.tex
LaTeX2e <2014/05/01>
Babel <3.9k> and hyphenation patterns for 78 languages loaded.
(/usr/local/texlive/2014/texmf-dist/tex/latex/IEEEtran/IEEEtran.cls
Document Class: IEEEtran 2012/12/27 V1.8 by Michael Shell
-- See the "IEEEtran_HOWTO" manual for usage information.
-- http://www.michaelshell.org/tex/ieeetran/
\@IEEEtrantmpdimenA=\dimen102
\@IEEEtrantmpdimenB=\dimen103
\@IEEEtrantmpcountA=\count79
\@IEEEtrantmpcountB=\count80
\@IEEEtrantmptoksA=\toks14
LaTeX Font Info:    Try loading font information for OT1+ptm on input line 368.

(/usr/local/texlive/2014/texmf-dist/tex/latex/psnfss/ot1ptm.fd
File: ot1ptm.fd 2001/06/04 font definitions for OT1/ptm.
)
-- Using 8.5in x 11in (letter) paper.
-- Using PDF output.
\@IEEEnormalsizeunitybaselineskip=\dimen104
-- This is a 10 point document.
\CLASSINFOnormalsizebaselineskip=\dimen105
\CLASSINFOnormalsizeunitybaselineskip=\dimen106
\IEEEnormaljot=\dimen107
LaTeX Font Info:    Font shape `OT1/ptm/bx/n' in size <5> not available
(Font)              Font shape `OT1/ptm/b/n' tried instead on input line 726.
LaTeX Font Info:    Font shape `OT1/ptm/bx/it' in size <5> not available
(Font)              Font shape `OT1/ptm/b/it' tried instead on input line 726.
LaTeX Font Info:    Font shape `OT1/ptm/bx/n' in size <7> not available
(Font)              Font shape `OT1/ptm/b/n' tried instead on input line 726.
LaTeX Font Info:    Font shape `OT1/ptm/bx/it' in size <7> not available
(Font)              Font shape `OT1/ptm/b/it' tried instead on input line 726.
LaTeX Font Info:    Font shape `OT1/ptm/bx/n' in size <8> not available
(Font)              Font shape `OT1/ptm/b/n' tried instead on input line 726.
LaTeX Font Info:    Font shape `OT1/ptm/bx/it' in size <8> not available
(Font)              Font shape `OT1/ptm/b/it' tried instead on input line 726.
LaTeX Font Info:    Font shape `OT1/ptm/bx/n' in size <9> not available
(Font)              Font shape `OT1/ptm/b/n' tried instead on input line 726.
LaTeX Font Info:    Font shape `OT1/ptm/bx/it' in size <9> not available
(Font)              Font shape `OT1/ptm/b/it' tried instead on input line 726.
LaTeX Font Info:    Font shape `OT1/ptm/bx/n' in size <10> not available
(Font)              Font shape `OT1/ptm/b/n' tried instead on input line 726.
LaTeX Font Info:    Font shape `OT1/ptm/bx/it' in size <10> not available
(Font)              Font shape `OT1/ptm/b/it' tried instead on input line 726.
LaTeX Font Info:    Font shape `OT1/ptm/bx/n' in size <11> not available
(Font)              Font shape `OT1/ptm/b/n' tried instead on input line 726.
LaTeX Font Info:    Font shape `OT1/ptm/bx/it' in size <11> not available
(Font)              Font shape `OT1/ptm/b/it' tried instead on input line 726.
LaTeX Font Info:    Font shape `OT1/ptm/bx/n' in size <12> not available
(Font)              Font shape `OT1/ptm/b/n' tried instead on input line 726.
LaTeX Font Info:    Font shape `OT1/ptm/bx/it' in size <12> not available
(Font)              Font shape `OT1/ptm/b/it' tried instead on input line 726.
LaTeX Font Info:    Font shape `OT1/ptm/bx/n' in size <17> not available
(Font)              Font shape `OT1/ptm/b/n' tried instead on input line 726.
LaTeX Font Info:    Font shape `OT1/ptm/bx/it' in size <17> not available
(Font)              Font shape `OT1/ptm/b/it' tried instead on input line 726.
LaTeX Font Info:    Font shape `OT1/ptm/bx/n' in size <20> not available
(Font)              Font shape `OT1/ptm/b/n' tried instead on input line 726.
LaTeX Font Info:    Font shape `OT1/ptm/bx/it' in size <20> not available
(Font)              Font shape `OT1/ptm/b/it' tried instead on input line 726.
LaTeX Font Info:    Font shape `OT1/ptm/bx/n' in size <24> not available
(Font)              Font shape `OT1/ptm/b/n' tried instead on input line 726.
LaTeX Font Info:    Font shape `OT1/ptm/bx/it' in size <24> not available
(Font)              Font shape `OT1/ptm/b/it' tried instead on input line 726.
\IEEEilabelindentA=\dimen108
\IEEEilabelindentB=\dimen109
\IEEEilabelindent=\dimen110
\IEEEelabelindent=\dimen111
\IEEEdlabelindent=\dimen112
\IEEElabelindent=\dimen113
\IEEEiednormlabelsep=\dimen114
\IEEEiedmathlabelsep=\dimen115
\IEEEiedtopsep=\skip41
\c@section=\count81
\c@subsection=\count82
\c@subsubsection=\count83
\c@paragraph=\count84
\c@IEEEsubequation=\count85
\abovecaptionskip=\skip42
\belowcaptionskip=\skip43
\c@figure=\count86
\c@table=\count87
\@IEEEeqnnumcols=\count88
\@IEEEeqncolcnt=\count89
\@IEEEsubeqnnumrollback=\count90
\@IEEEtmpitemindent=\dimen116
\c@IEEEbiography=\count91
\@IEEEtranrubishbin=\box26
) (/usr/local/texlive/2014/texmf-dist/tex/latex/graphics/graphicx.sty
Package: graphicx 2014/04/25 v1.0g Enhanced LaTeX Graphics (DPC,SPQR)

(/usr/local/texlive/2014/texmf-dist/tex/latex/graphics/keyval.sty
Package: keyval 2014/05/08 v1.15 key=value parser (DPC)
\KV@toks@=\toks15
)
(/usr/local/texlive/2014/texmf-dist/tex/latex/graphics/graphics.sty
Package: graphics 2009/02/05 v1.0o Standard LaTeX Graphics (DPC,SPQR)

(/usr/local/texlive/2014/texmf-dist/tex/latex/graphics/trig.sty
Package: trig 1999/03/16 v1.09 sin cos tan (DPC)
)
(/usr/local/texlive/2014/texmf-dist/tex/latex/latexconfig/graphics.cfg
File: graphics.cfg 2010/04/23 v1.9 graphics configuration of TeX Live
)
Package graphics Info: Driver file: pdftex.def on input line 91.

(/usr/local/texlive/2014/texmf-dist/tex/latex/pdftex-def/pdftex.def
File: pdftex.def 2011/05/27 v0.06d Graphics/color for pdfTeX

(/usr/local/texlive/2014/texmf-dist/tex/generic/oberdiek/infwarerr.sty
Package: infwarerr 2010/04/08 v1.3 Providing info/warning/error messages (HO)
)
(/usr/local/texlive/2014/texmf-dist/tex/generic/oberdiek/ltxcmds.sty
Package: ltxcmds 2011/11/09 v1.22 LaTeX kernel commands for general use (HO)
)
\Gread@gobject=\count92
))
\Gin@req@height=\dimen117
\Gin@req@width=\dimen118
)
(/usr/local/texlive/2014/texmf-dist/tex/latex/hyperref/hyperref.sty
Package: hyperref 2012/11/06 v6.83m Hypertext links for LaTeX

(/usr/local/texlive/2014/texmf-dist/tex/generic/oberdiek/hobsub-hyperref.sty
Package: hobsub-hyperref 2012/05/28 v1.13 Bundle oberdiek, subset hyperref (HO)


(/usr/local/texlive/2014/texmf-dist/tex/generic/oberdiek/hobsub-generic.sty
Package: hobsub-generic 2012/05/28 v1.13 Bundle oberdiek, subset generic (HO)
Package: hobsub 2012/05/28 v1.13 Construct package bundles (HO)
Package hobsub Info: Skipping package `infwarerr' (already loaded).
Package hobsub Info: Skipping package `ltxcmds' (already loaded).
Package: ifluatex 2010/03/01 v1.3 Provides the ifluatex switch (HO)
Package ifluatex Info: LuaTeX not detected.
Package: ifvtex 2010/03/01 v1.5 Detect VTeX and its facilities (HO)
Package ifvtex Info: VTeX not detected.
Package: intcalc 2007/09/27 v1.1 Expandable calculations with integers (HO)
Package: ifpdf 2011/01/30 v2.3 Provides the ifpdf switch (HO)
Package ifpdf Info: pdfTeX in PDF mode is detected.
Package: etexcmds 2011/02/16 v1.5 Avoid name clashes with e-TeX commands (HO)
Package etexcmds Info: Could not find \expanded.
(etexcmds)             That can mean that you are not using pdfTeX 1.50 or
(etexcmds)             that some package has redefined \expanded.
(etexcmds)             In the latter case, load this package earlier.
Package: kvsetkeys 2012/04/25 v1.16 Key value parser (HO)
Package: kvdefinekeys 2011/04/07 v1.3 Define keys (HO)
Package: pdftexcmds 2011/11/29 v0.20 Utility functions of pdfTeX for LuaTeX (HO
)
Package pdftexcmds Info: LuaTeX not detected.
Package pdftexcmds Info: \pdf@primitive is available.
Package pdftexcmds Info: \pdf@ifprimitive is available.
Package pdftexcmds Info: \pdfdraftmode found.
Package: pdfescape 2011/11/25 v1.13 Implements pdfTeX's escape features (HO)
Package: bigintcalc 2012/04/08 v1.3 Expandable calculations on big integers (HO
)
Package: bitset 2011/01/30 v1.1 Handle bit-vector datatype (HO)
Package: uniquecounter 2011/01/30 v1.2 Provide unlimited unique counter (HO)
)
Package hobsub Info: Skipping package `hobsub' (already loaded).
Package: letltxmacro 2010/09/02 v1.4 Let assignment for LaTeX macros (HO)
Package: hopatch 2012/05/28 v1.2 Wrapper for package hooks (HO)
Package: xcolor-patch 2011/01/30 xcolor patch
Package: atveryend 2011/06/30 v1.8 Hooks at the very end of document (HO)
Package atveryend Info: \enddocument detected (standard20110627).
Package: atbegshi 2011/10/05 v1.16 At begin shipout hook (HO)
Package: refcount 2011/10/16 v3.4 Data extraction from label references (HO)
Package: hycolor 2011/01/30 v1.7 Color options for hyperref/bookmark (HO)
)
(/usr/local/texlive/2014/texmf-dist/tex/generic/ifxetex/ifxetex.sty
Package: ifxetex 2010/09/12 v0.6 Provides ifxetex conditional
)
(/usr/local/texlive/2014/texmf-dist/tex/latex/oberdiek/auxhook.sty
Package: auxhook 2011/03/04 v1.3 Hooks for auxiliary files (HO)
)
(/usr/local/texlive/2014/texmf-dist/tex/latex/oberdiek/kvoptions.sty
Package: kvoptions 2011/06/30 v3.11 Key value format for package options (HO)
)
\@linkdim=\dimen119
\Hy@linkcounter=\count93
\Hy@pagecounter=\count94

(/usr/local/texlive/2014/texmf-dist/tex/latex/hyperref/pd1enc.def
File: pd1enc.def 2012/11/06 v6.83m Hyperref: PDFDocEncoding definition (HO)
)
\Hy@SavedSpaceFactor=\count95

(/usr/local/texlive/2014/texmf-dist/tex/latex/latexconfig/hyperref.cfg
File: hyperref.cfg 2002/06/06 v1.2 hyperref configuration of TeXLive
)
Package hyperref Info: Option `bookmarks' set `false' on input line 4319.
Package hyperref Info: Hyper figures OFF on input line 4443.
Package hyperref Info: Link nesting OFF on input line 4448.
Package hyperref Info: Hyper index ON on input line 4451.
Package hyperref Info: Plain pages OFF on input line 4458.
Package hyperref Info: Backreferencing OFF on input line 4463.
Package hyperref Info: Implicit mode ON; LaTeX internals redefined.
Package hyperref Info: Bookmarks OFF on input line 4694.
\c@Hy@tempcnt=\count96

(/usr/local/texlive/2014/texmf-dist/tex/latex/url/url.sty
\Urlmuskip=\muskip10
Package: url 2013/09/16  ver 3.4  Verb mode for urls, etc.
)
LaTeX Info: Redefining \url on input line 5041.
\XeTeXLinkMargin=\dimen120
\Fld@menulength=\count97
\Field@Width=\dimen121
\Fld@charsize=\dimen122
Package hyperref Info: Hyper figures OFF on input line 6295.
Package hyperref Info: Link nesting OFF on input line 6300.
Package hyperref Info: Hyper index ON on input line 6303.
Package hyperref Info: backreferencing OFF on input line 6310.
Package hyperref Info: Link coloring OFF on input line 6315.
Package hyperref Info: Link coloring with OCG OFF on input line 6320.
Package hyperref Info: PDF/A mode OFF on input line 6325.
LaTeX Info: Redefining \ref on input line 6365.
LaTeX Info: Redefining \pageref on input line 6369.
\Hy@abspage=\count98
\c@Item=\count99
\c@Hfootnote=\count100
)

Package hyperref Message: Driver (autodetected): hpdftex.

(/usr/local/texlive/2014/texmf-dist/tex/latex/hyperref/hpdftex.def
File: hpdftex.def 2012/11/06 v6.83m Hyperref driver for pdfTeX
\Fld@listcount=\count101
\c@bookmark@seq@number=\count102

(/usr/local/texlive/2014/texmf-dist/tex/latex/oberdiek/rerunfilecheck.sty
Package: rerunfilecheck 2011/04/15 v1.7 Rerun checks for auxiliary files (HO)
Package uniquecounter Info: New unique counter `rerunfilecheck' on input line 2
82.
)
\Hy@SectionHShift=\skip44
)
(/usr/local/texlive/2014/texmf-dist/tex/latex/breakurl/breakurl.sty
Package: breakurl 2013/04/10 v1.40 Breakable hyperref URLs

(/usr/local/texlive/2014/texmf-dist/tex/latex/xkeyval/xkeyval.sty
Package: xkeyval 2014/05/09 v2.6d package option processing (HA)

(/usr/local/texlive/2014/texmf-dist/tex/generic/xkeyval/xkeyval.tex
\XKV@toks=\toks16
\XKV@tempa@toks=\toks17
\XKV@depth=\count103
File: xkeyval.tex 2014/05/09 v2.6d key=value parser (HA)
))

Package breakurl Warning: You are using breakurl while processing via pdflatex.

(breakurl)                \burl will be just a synonym of \url.
(breakurl)                 on input line 48.

) (./are_you_being_served_v0.3.aux

LaTeX Warning: Label `fig:outagedistribution' multiply defined.


LaTeX Warning: Label `fig:outagedistribution' multiply defined.


LaTeX Warning: Label `fig:outagedistribution' multiply defined.


LaTeX Warning: Label `fig:outagedistribution' multiply defined.


LaTeX Warning: Label `fig:outagedistribution' multiply defined.


LaTeX Warning: Label `fig:outagedistribution' multiply defined.


LaTeX Warning: Label `fig:outagedistribution' multiply defined.


LaTeX Warning: Label `fig:outagedistribution' multiply defined.


LaTeX Warning: Label `fig:outagedistribution' multiply defined.


LaTeX Warning: Label `fig:outagedistribution' multiply defined.


LaTeX Warning: Label `fig:outagedistribution' multiply defined.


LaTeX Warning: Label `fig:outagedistribution' multiply defined.

)
\openout1 = `are_you_being_served_v0.3.aux'.

LaTeX Font Info:    Checking defaults for OML/cmm/m/it on input line 351.
LaTeX Font Info:    ... okay on input line 351.
LaTeX Font Info:    Checking defaults for T1/cmr/m/n on input line 351.
LaTeX Font Info:    ... okay on input line 351.
LaTeX Font Info:    Checking defaults for OT1/cmr/m/n on input line 351.
LaTeX Font Info:    ... okay on input line 351.
LaTeX Font Info:    Checking defaults for OMS/cmsy/m/n on input line 351.
LaTeX Font Info:    ... okay on input line 351.
LaTeX Font Info:    Checking defaults for OMX/cmex/m/n on input line 351.
LaTeX Font Info:    ... okay on input line 351.
LaTeX Font Info:    Checking defaults for U/cmr/m/n on input line 351.
LaTeX Font Info:    ... okay on input line 351.
LaTeX Font Info:    Checking defaults for PD1/pdf/m/n on input line 351.
LaTeX Font Info:    ... okay on input line 351.
 (/usr/local/texlive/2014/texmf-dist/tex/context/base/supp-pdf.mkii
[Loading MPS to PDF converter (version 2006.09.02).]
\scratchcounter=\count104
\scratchdimen=\dimen123
\scratchbox=\box27
\nofMPsegments=\count105
\nofMParguments=\count106
\everyMPshowfont=\toks18
\MPscratchCnt=\count107
\MPscratchDim=\dimen124
\MPnumerator=\count108
\makeMPintoPDFobject=\count109
\everyMPtoPDFconversion=\toks19
) (/usr/local/texlive/2014/texmf-dist/tex/latex/oberdiek/epstopdf-base.sty
Package: epstopdf-base 2010/02/09 v2.5 Base part for package epstopdf

(/usr/local/texlive/2014/texmf-dist/tex/latex/oberdiek/grfext.sty
Package: grfext 2010/08/19 v1.1 Manage graphics extensions (HO)
)
Package grfext Info: Graphics extension search list:
(grfext)             [.png,.pdf,.jpg,.mps,.jpeg,.jbig2,.jb2,.PNG,.PDF,.JPG,.JPE
G,.JBIG2,.JB2,.eps]
(grfext)             \AppendGraphicsExtensions on input line 452.

(/usr/local/texlive/2014/texmf-dist/tex/latex/latexconfig/epstopdf-sys.cfg
File: epstopdf-sys.cfg 2010/07/13 v1.3 Configuration of (r)epstopdf for TeX Liv
e
))
\AtBeginShipoutBox=\box28
Package hyperref Info: Link coloring OFF on input line 351.

(/usr/local/texlive/2014/texmf-dist/tex/latex/hyperref/nameref.sty
Package: nameref 2012/10/27 v2.43 Cross-referencing by name of section

(/usr/local/texlive/2014/texmf-dist/tex/generic/oberdiek/gettitlestring.sty
Package: gettitlestring 2010/12/03 v1.4 Cleanup title references (HO)
)
\c@section@level=\count110
)
LaTeX Info: Redefining \ref on input line 351.
LaTeX Info: Redefining \pageref on input line 351.
LaTeX Info: Redefining \nameref on input line 351.


LaTeX Warning: Citation `europa2015sme' on page 1 undefined on input line 434.

[1{/usr/local/texlive/2014/texmf-var/fonts/map/pdftex/updmap/pdftex.map}


]

LaTeX Warning: No positions in optional float specifier.
               Default added (so using `tbp') on input line 464.

LaTeX Font Info:    External font `cmex10' loaded for size
(Font)              <8> on input line 468.
LaTeX Font Info:    External font `cmex10' loaded for size
(Font)              <6> on input line 468.
LaTeX Font Info:    External font `cmex10' loaded for size
(Font)              <5> on input line 468.

Overfull \hbox (5.81462pt too wide) in paragraph at lines 468--480
[]  
 []


LaTeX Warning: Citation `yuan2014simple' on page 2 undefined on input line 488.



LaTeX Warning: Citation `hagen2012efficient' on page 2 undefined on input line 
490.


LaTeX Warning: Citation `li2013cloud' on page 2 undefined on input line 492.


LaTeX Warning: Citation `o2011practical' on page 2 undefined on input line 494.



LaTeX Warning: Citation `almog1979study' on page 2 undefined on input line 496.



LaTeX Warning: Citation `carcary2014adoption' on page 2 undefined on input line
 498.


LaTeX Warning: Citation `ieee1998ieee' on page 2 undefined on input line 503.


LaTeX Warning: Citation `ieee1998ieee' on page 2 undefined on input line 509.

[2]
LaTeX Font Info:    External font `cmex10' loaded for size
(Font)              <7> on input line 513.


LaTeX Warning: Citation `ADGoF' on page 3 undefined on input line 524.

[3] <graph1.pdf, id=35, 614.295pt x 794.97pt>
File: graph1.pdf Graphic file (type pdf)
 <use graph1.pdf>
Package pdftex.def Info: graph1.pdf used on input line 557.
(pdftex.def)             Requested size: 170.71652pt x 220.92824pt.

<graph2.pdf, id=36, 614.295pt x 794.97pt>
File: graph2.pdf Graphic file (type pdf)
 <use graph2.pdf>
Package pdftex.def Info: graph2.pdf used on input line 589.
(pdftex.def)             Requested size: 170.71652pt x 220.92824pt.

<graph3.pdf, id=37, 614.295pt x 794.97pt>
File: graph3.pdf Graphic file (type pdf)
 <use graph3.pdf>
Package pdftex.def Info: graph3.pdf used on input line 598.
(pdftex.def)             Requested size: 170.71652pt x 220.92824pt.

<graph4.pdf, id=38, 614.295pt x 794.97pt>
File: graph4.pdf Graphic file (type pdf)
 <use graph4.pdf>
Package pdftex.def Info: graph4.pdf used on input line 608.
(pdftex.def)             Requested size: 170.71652pt x 220.92824pt.

<graph5.pdf, id=39, 614.295pt x 794.97pt>
File: graph5.pdf Graphic file (type pdf)
 <use graph5.pdf>
Package pdftex.def Info: graph5.pdf used on input line 616.
(pdftex.def)             Requested size: 170.71652pt x 220.92824pt.

Overfull \hbox (13.08678pt too wide) in paragraph at lines 628--638
 [] 
 []

[4 <./graph1.pdf> <./graph2.pdf>] <graph6.pdf, id=64, 614.295pt x 794.97pt>
File: graph6.pdf Graphic file (type pdf)

<use graph6.pdf>
Package pdftex.def Info: graph6.pdf used on input line 650.
(pdftex.def)             Requested size: 170.71652pt x 220.92824pt.
 <graph7.pdf, id=65, 614.295pt x 794.97pt>
File: graph7.pdf Graphic file (type pdf)
 <use graph7.pdf>
Package pdftex.def Info: graph7.pdf used on input line 658.
(pdftex.def)             Requested size: 170.71652pt x 220.92824pt.

<graph8.pdf, id=66, 614.295pt x 794.97pt>
File: graph8.pdf Graphic file (type pdf)
 <use graph8.pdf>
Package pdftex.def Info: graph8.pdf used on input line 667.
(pdftex.def)             Requested size: 170.71652pt x 220.92824pt.

<graph9.pdf, id=67, 614.295pt x 794.97pt>
File: graph9.pdf Graphic file (type pdf)
 <use graph9.pdf>
Package pdftex.def Info: graph9.pdf used on input line 675.
(pdftex.def)             Requested size: 170.71652pt x 220.92824pt.

<graph10.pdf, id=68, 614.295pt x 794.97pt>
File: graph10.pdf Graphic file (type pdf)
 <use graph10.pdf>
Package pdftex.def Info: graph10.pdf used on input line 683.
(pdftex.def)             Requested size: 170.71652pt x 220.92824pt.

Overfull \hbox (69.39871pt too wide) in paragraph at lines 693--704
 [] 
 []

[5 <./graph3.pdf> <./graph4.pdf> <./graph5.pdf> <./graph6.pdf>]
<graph11.pdf, id=103, 614.295pt x 794.97pt>
File: graph11.pdf Graphic file (type pdf)
 <use graph11.pdf>
Package pdftex.def Info: graph11.pdf used on input line 718.
(pdftex.def)             Requested size: 170.71652pt x 220.92824pt.

<graph12.pdf, id=104, 614.295pt x 794.97pt>
File: graph12.pdf Graphic file (type pdf)
 <use graph12.pdf>
Package pdftex.def Info: graph12.pdf used on input line 726.
(pdftex.def)             Requested size: 170.71652pt x 220.92824pt.

<graph13.pdf, id=105, 614.295pt x 794.97pt>
File: graph13.pdf Graphic file (type pdf)
 <use graph13.pdf>
Package pdftex.def Info: graph13.pdf used on input line 734.
(pdftex.def)             Requested size: 170.71652pt x 220.92824pt.

Underfull \vbox (badness 3302) has occurred while \output is active []

 [6 <./graph7.pdf> <./graph8.pdf> <./graph9.pdf> <./graph10.pdf>] [7 <./graph11
.pdf> <./graph12.pdf> <./graph13.pdf>] [8]
No file are_you_being_served_v0.3.bbl.

** Conference Paper **
Before submitting the final camera ready copy, remember to:

 1. Manually equalize the lengths of two columns on the last page
 of your paper;

 2. Ensure that any PostScript and/or PDF output post-processing
 uses only Type 1 fonts and that every step in the generation
 process uses the appropriate paper size.

Package atveryend Info: Empty hook `BeforeClearDocument' on input line 946.
[9]
Package atveryend Info: Empty hook `AfterLastShipout' on input line 946.
 (./are_you_being_served_v0.3.aux)
Package atveryend Info: Executing hook `AtVeryEndDocument' on input line 946.
Package atveryend Info: Empty hook `AtEndAfterFileList' on input line 946.


LaTeX Warning: There were undefined references.


LaTeX Warning: There were multiply-defined labels.

Package atveryend Info: Empty hook `AtVeryVeryEnd' on input line 946.
 ) 
Here is how much of TeX's memory you used:
 6085 strings out of 493117
 94210 string characters out of 6135434
 186678 words of memory out of 5000000
 9451 multiletter control sequences out of 15000+600000
 36583 words of font info for 70 fonts, out of 8000000 for 9000
 1144 hyphenation exceptions out of 8191
 30i,8n,35p,1296b,315s stack positions out of 5000i,500n,10000p,200000b,80000s
{/usr/local/texlive/2014/texmf-dist/fonts/enc/dvips/base/8r.enc}</usr/local/t
exlive/2014/texmf-dist/fonts/type1/public/amsfonts/cm/cmsy7.pfb></usr/local/tex
live/2014/texmf-dist/fonts/type1/urw/times/utmb8a.pfb></usr/local/texlive/2014/
texmf-dist/fonts/type1/urw/times/utmbi8a.pfb></usr/local/texlive/2014/texmf-dis
t/fonts/type1/urw/times/utmr8a.pfb></usr/local/texlive/2014/texmf-dist/fonts/ty
pe1/urw/times/utmri8a.pfb>
Output written on are_you_being_served_v0.3.pdf (9 pages, 151330 bytes).
PDF statistics:
 213 PDF objects out of 1000 (max. 8388607)
 169 compressed objects within 2 object streams
 52 named destinations out of 1000 (max. 500000)
 66 words of extra memory for PDF output out of 10000 (max. 10000000)

